# JRE version: Java(TM) SE Runtime Environment (8.0_112-b16) (build 1.8.0_112-b16)
# Java VM: Java HotSpot(TM) 64-Bit Server VM (25.112-b16 mixed mode bsd-amd64 compressed oops)
Heap:
 PSYoungGen      total 178176K, used 178155K [0x000000076ab00000, 0x0000000778200000, 0x00000007c0000000)
  eden space 162816K, 100% used [0x000000076ab00000,0x0000000774a00000,0x0000000774a00000)
  from space 15360K, 99% used [0x0000000775b00000,0x00000007769fac80,0x0000000776a00000)
  to   space 17408K, 0% used [0x0000000774a00000,0x0000000774a00000,0x0000000775b00000)
 ParOldGen       total 119808K, used 17516K [0x00000006c0000000, 0x00000006c7500000, 0x000000076ab00000)
  object space 119808K, 14% used [0x00000006c0000000,0x00000006c111b0c0,0x00000006c7500000)
 Metaspace       used 27870K, capacity 28990K, committed 29232K, reserved 1075200K
  class space    used 3799K, capacity 4040K, committed 4144K, reserved 1048576K
GC Heap History (10 events):
Event: 8.119 GC heap before
{Heap before GC invocations=3 (full 1):
 PSYoungGen      total 76288K, used 10726K [0x000000076ab00000, 0x0000000770000000, 0x00000007c0000000)
  eden space 65536K, 0% used [0x000000076ab00000,0x000000076ab00000,0x000000076eb00000)
  from space 10752K, 99% used [0x000000076f580000,0x000000076fff9840,0x0000000770000000)
  to   space 10752K, 0% used [0x000000076eb00000,0x000000076eb00000,0x000000076f580000)
 ParOldGen       total 175104K, used 4496K [0x00000006c0000000, 0x00000006cab00000, 0x000000076ab00000)
  object space 175104K, 2% used [0x00000006c0000000,0x00000006c0464398,0x00000006cab00000)
 Metaspace       used 20081K, capacity 21204K, committed 21296K, reserved 1067008K
  class space    used 2855K, capacity 3089K, committed 3120K, reserved 1048576K
Event: 8.162 GC heap after
Heap after GC invocations=3 (full 1):
 PSYoungGen      total 76288K, used 0K [0x000000076ab00000, 0x0000000770000000, 0x00000007c0000000)
  eden space 65536K, 0% used [0x000000076ab00000,0x000000076ab00000,0x000000076eb00000)
  from space 10752K, 0% used [0x000000076f580000,0x000000076f580000,0x0000000770000000)
  to   space 10752K, 0% used [0x000000076eb00000,0x000000076eb00000,0x000000076f580000)
 ParOldGen       total 119808K, used 13262K [0x00000006c0000000, 0x00000006c7500000, 0x000000076ab00000)
  object space 119808K, 11% used [0x00000006c0000000,0x00000006c0cf3b88,0x00000006c7500000)
 Metaspace       used 20081K, capacity 21204K, committed 21296K, reserved 1067008K
  class space    used 2855K, capacity 3089K, committed 3120K, reserved 1048576K
}
Event: 9.199 GC heap before
{Heap before GC invocations=4 (full 1):
 PSYoungGen      total 76288K, used 65536K [0x000000076ab00000, 0x0000000770000000, 0x00000007c0000000)
  eden space 65536K, 100% used [0x000000076ab00000,0x000000076eb00000,0x000000076eb00000)
  from space 10752K, 0% used [0x000000076f580000,0x000000076f580000,0x0000000770000000)
  to   space 10752K, 0% used [0x000000076eb00000,0x000000076eb00000,0x000000076f580000)
 ParOldGen       total 119808K, used 13262K [0x00000006c0000000, 0x00000006c7500000, 0x000000076ab00000)
  object space 119808K, 11% used [0x00000006c0000000,0x00000006c0cf3b88,0x00000006c7500000)
 Metaspace       used 26527K, capacity 27640K, committed 27952K, reserved 1073152K
  class space    used 3625K, capacity 3863K, committed 3888K, reserved 1048576K
Event: 9.212 GC heap after
Heap after GC invocations=4 (full 1):
 PSYoungGen      total 76288K, used 10736K [0x000000076ab00000, 0x0000000772480000, 0x00000007c0000000)
  eden space 65536K, 0% used [0x000000076ab00000,0x000000076ab00000,0x000000076eb00000)
  from space 10752K, 99% used [0x000000076eb00000,0x000000076f57c3e8,0x000000076f580000)
  to   space 10752K, 0% used [0x0000000771a00000,0x0000000771a00000,0x0000000772480000)
 ParOldGen       total 119808K, used 14404K [0x00000006c0000000, 0x00000006c7500000, 0x000000076ab00000)
  object space 119808K, 12% used [0x00000006c0000000,0x00000006c0e113a0,0x00000006c7500000)
 Metaspace       used 26527K, capacity 27640K, committed 27952K, reserved 1073152K
  class space    used 3625K, capacity 3863K, committed 3888K, reserved 1048576K
}
Event: 10.351 GC heap before
{Heap before GC invocations=5 (full 1):
 PSYoungGen      total 76288K, used 76272K [0x000000076ab00000, 0x0000000772480000, 0x00000007c0000000)
  eden space 65536K, 100% used [0x000000076ab00000,0x000000076eb00000,0x000000076eb00000)
  from space 10752K, 99% used [0x000000076eb00000,0x000000076f57c3e8,0x000000076f580000)
  to   space 10752K, 0% used [0x0000000771a00000,0x0000000771a00000,0x0000000772480000)
 ParOldGen       total 119808K, used 14404K [0x00000006c0000000, 0x00000006c7500000, 0x000000076ab00000)
  object space 119808K, 12% used [0x00000006c0000000,0x00000006c0e113a0,0x00000006c7500000)
 Metaspace       used 26697K, capacity 27818K, committed 28080K, reserved 1073152K
  class space    used 3642K, capacity 3898K, committed 4016K, reserved 1048576K
Event: 10.361 GC heap after
Heap after GC invocations=5 (full 1):
 PSYoungGen      total 113664K, used 10732K [0x000000076ab00000, 0x0000000772500000, 0x00000007c0000000)
  eden space 102912K, 0% used [0x000000076ab00000,0x000000076ab00000,0x0000000770f80000)
  from space 10752K, 99% used [0x0000000771a00000,0x000000077247b090,0x0000000772480000)
  to   space 10752K, 0% used [0x0000000770f80000,0x0000000770f80000,0x0000000771a00000)
 ParOldGen       total 119808K, used 14556K [0x00000006c0000000, 0x00000006c7500000, 0x000000076ab00000)
  object space 119808K, 12% used [0x00000006c0000000,0x00000006c0e373a0,0x00000006c7500000)
 Metaspace       used 26697K, capacity 27818K, committed 28080K, reserved 1073152K
  class space    used 3642K, capacity 3898K, committed 4016K, reserved 1048576K
}
Event: 11.332 GC heap before
{Heap before GC invocations=6 (full 1):
 PSYoungGen      total 113664K, used 113644K [0x000000076ab00000, 0x0000000772500000, 0x00000007c0000000)
  eden space 102912K, 100% used [0x000000076ab00000,0x0000000770f80000,0x0000000770f80000)
  from space 10752K, 99% used [0x0000000771a00000,0x000000077247b090,0x0000000772480000)
  to   space 10752K, 0% used [0x0000000770f80000,0x0000000770f80000,0x0000000771a00000)
 ParOldGen       total 119808K, used 14556K [0x00000006c0000000, 0x00000006c7500000, 0x000000076ab00000)
  object space 119808K, 12% used [0x00000006c0000000,0x00000006c0e373a0,0x00000006c7500000)
 Metaspace       used 27712K, capacity 28826K, committed 28976K, reserved 1075200K
  class space    used 3791K, capacity 4034K, committed 4144K, reserved 1048576K
Event: 11.342 GC heap after
Heap after GC invocations=6 (full 1):
 PSYoungGen      total 113664K, used 10747K [0x000000076ab00000, 0x0000000776a00000, 0x00000007c0000000)
  eden space 102912K, 0% used [0x000000076ab00000,0x000000076ab00000,0x0000000770f80000)
  from space 10752K, 99% used [0x0000000770f80000,0x00000007719fed20,0x0000000771a00000)
  to   space 15360K, 0% used [0x0000000775b00000,0x0000000775b00000,0x0000000776a00000)
 ParOldGen       total 119808K, used 16388K [0x00000006c0000000, 0x00000006c7500000, 0x000000076ab00000)
  object space 119808K, 13% used [0x00000006c0000000,0x00000006c10010c0,0x00000006c7500000)
 Metaspace       used 27712K, capacity 28826K, committed 28976K, reserved 1075200K
  class space    used 3791K, capacity 4034K, committed 4144K, reserved 1048576K
}
Event: 11.606 GC heap before
{Heap before GC invocations=7 (full 1):
 PSYoungGen      total 113664K, used 113659K [0x000000076ab00000, 0x0000000776a00000, 0x00000007c0000000)
  eden space 102912K, 100% used [0x000000076ab00000,0x0000000770f80000,0x0000000770f80000)
  from space 10752K, 99% used [0x0000000770f80000,0x00000007719fed20,0x0000000771a00000)
  to   space 15360K, 0% used [0x0000000775b00000,0x0000000775b00000,0x0000000776a00000)
 ParOldGen       total 119808K, used 16388K [0x00000006c0000000, 0x00000006c7500000, 0x000000076ab00000)
  object space 119808K, 13% used [0x00000006c0000000,0x00000006c10010c0,0x00000006c7500000)
 Metaspace       used 27720K, capacity 28826K, committed 28976K, reserved 1075200K
  class space    used 3791K, capacity 4034K, committed 4144K, reserved 1048576K
Event: 11.624 GC heap after
Heap after GC invocations=7 (full 1):
 PSYoungGen      total 178176K, used 15339K [0x000000076ab00000, 0x0000000778200000, 0x00000007c0000000)
  eden space 162816K, 0% used [0x000000076ab00000,0x000000076ab00000,0x0000000774a00000)
  from space 15360K, 99% used [0x0000000775b00000,0x00000007769fac80,0x0000000776a00000)
  to   space 17408K, 0% used [0x0000000774a00000,0x0000000774a00000,0x0000000775b00000)
 ParOldGen       total 119808K, used 17516K [0x00000006c0000000, 0x00000006c7500000, 0x000000076ab00000)
  object space 119808K, 14% used [0x00000006c0000000,0x00000006c111b0c0,0x00000006c7500000)
 Metaspace       used 27720K, capacity 28826K, committed 28976K, reserved 1075200K
  class space    used 3791K, capacity 4034K, committed 4144K, reserved 1048576K
}

