# JRE version: Java(TM) SE Runtime Environment (8.0_112-b16) (build 1.8.0_112-b16)
# Java VM: Java HotSpot(TM) 64-Bit Server VM (25.112-b16 mixed mode bsd-amd64 compressed oops)
Heap:
 PSYoungGen      total 150016K, used 61623K [0x000000076ab00000, 0x000000077b900000, 0x00000007c0000000)
  eden space 133632K, 33% used [0x000000076ab00000,0x000000076d733208,0x0000000772d80000)
  from space 16384K, 99% used [0x0000000772d80000,0x0000000773d7ac90,0x0000000773d80000)
  to   space 20992K, 0% used [0x000000077a480000,0x000000077a480000,0x000000077b900000)
 ParOldGen       total 126976K, used 22726K [0x00000006c0000000, 0x00000006c7c00000, 0x000000076ab00000)
  object space 126976K, 17% used [0x00000006c0000000,0x00000006c1631988,0x00000006c7c00000)
 Metaspace       used 27672K, capacity 28822K, committed 28928K, reserved 1075200K
  class space    used 3795K, capacity 4034K, committed 4096K, reserved 1048576K
GC Heap History (10 events):
Event: 6.667 GC heap before
{Heap before GC invocations=4 (full 1):
 PSYoungGen      total 76288K, used 65536K [0x000000076ab00000, 0x0000000770000000, 0x00000007c0000000)
  eden space 65536K, 100% used [0x000000076ab00000,0x000000076eb00000,0x000000076eb00000)
  from space 10752K, 0% used [0x000000076f580000,0x000000076f580000,0x0000000770000000)
  to   space 10752K, 0% used [0x000000076eb00000,0x000000076eb00000,0x000000076f580000)
 ParOldGen       total 126976K, used 13324K [0x00000006c0000000, 0x00000006c7c00000, 0x000000076ab00000)
  object space 126976K, 10% used [0x00000006c0000000,0x00000006c0d03170,0x00000006c7c00000)
 Metaspace       used 26367K, capacity 27508K, committed 27776K, reserved 1073152K
  class space    used 3626K, capacity 3863K, committed 3968K, reserved 1048576K
Event: 6.682 GC heap after
Heap after GC invocations=4 (full 1):
 PSYoungGen      total 76288K, used 10751K [0x000000076ab00000, 0x0000000771a00000, 0x00000007c0000000)
  eden space 65536K, 0% used [0x000000076ab00000,0x000000076ab00000,0x000000076eb00000)
  from space 10752K, 99% used [0x000000076eb00000,0x000000076f57fd20,0x000000076f580000)
  to   space 10752K, 0% used [0x0000000770f80000,0x0000000770f80000,0x0000000771a00000)
 ParOldGen       total 126976K, used 14575K [0x00000006c0000000, 0x00000006c7c00000, 0x000000076ab00000)
  object space 126976K, 11% used [0x00000006c0000000,0x00000006c0e3bce0,0x00000006c7c00000)
 Metaspace       used 26367K, capacity 27508K, committed 27776K, reserved 1073152K
  class space    used 3626K, capacity 3863K, committed 3968K, reserved 1048576K
}
Event: 8.190 GC heap before
{Heap before GC invocations=5 (full 1):
 PSYoungGen      total 76288K, used 76287K [0x000000076ab00000, 0x0000000771a00000, 0x00000007c0000000)
  eden space 65536K, 100% used [0x000000076ab00000,0x000000076eb00000,0x000000076eb00000)
  from space 10752K, 99% used [0x000000076eb00000,0x000000076f57fd20,0x000000076f580000)
  to   space 10752K, 0% used [0x0000000770f80000,0x0000000770f80000,0x0000000771a00000)
 ParOldGen       total 126976K, used 14575K [0x00000006c0000000, 0x00000006c7c00000, 0x000000076ab00000)
  object space 126976K, 11% used [0x00000006c0000000,0x00000006c0e3bce0,0x00000006c7c00000)
 Metaspace       used 26537K, capacity 27686K, committed 28032K, reserved 1073152K
  class space    used 3641K, capacity 3898K, committed 3968K, reserved 1048576K
Event: 8.209 GC heap after
Heap after GC invocations=5 (full 1):
 PSYoungGen      total 102912K, used 10747K [0x000000076ab00000, 0x0000000771c80000, 0x00000007c0000000)
  eden space 92160K, 0% used [0x000000076ab00000,0x000000076ab00000,0x0000000770500000)
  from space 10752K, 99% used [0x0000000770f80000,0x00000007719fed50,0x0000000771a00000)
  to   space 10752K, 0% used [0x0000000770500000,0x0000000770500000,0x0000000770f80000)
 ParOldGen       total 126976K, used 14853K [0x00000006c0000000, 0x00000006c7c00000, 0x000000076ab00000)
  object space 126976K, 11% used [0x00000006c0000000,0x00000006c0e81710,0x00000006c7c00000)
 Metaspace       used 26537K, capacity 27686K, committed 28032K, reserved 1073152K
  class space    used 3641K, capacity 3898K, committed 3968K, reserved 1048576K
}
Event: 9.365 GC heap before
{Heap before GC invocations=6 (full 1):
 PSYoungGen      total 102912K, used 102907K [0x000000076ab00000, 0x0000000771c80000, 0x00000007c0000000)
  eden space 92160K, 100% used [0x000000076ab00000,0x0000000770500000,0x0000000770500000)
  from space 10752K, 99% used [0x0000000770f80000,0x00000007719fed50,0x0000000771a00000)
  to   space 10752K, 0% used [0x0000000770500000,0x0000000770500000,0x0000000770f80000)
 ParOldGen       total 126976K, used 14853K [0x00000006c0000000, 0x00000006c7c00000, 0x000000076ab00000)
  object space 126976K, 11% used [0x00000006c0000000,0x00000006c0e81710,0x00000006c7c00000)
 Metaspace       used 27545K, capacity 28694K, committed 28928K, reserved 1075200K
  class space    used 3790K, capacity 4034K, committed 4096K, reserved 1048576K
Event: 9.380 GC heap after
Heap after GC invocations=6 (full 1):
 PSYoungGen      total 102912K, used 10744K [0x000000076ab00000, 0x0000000774c00000, 0x00000007c0000000)
  eden space 92160K, 0% used [0x000000076ab00000,0x000000076ab00000,0x0000000770500000)
  from space 10752K, 99% used [0x0000000770500000,0x0000000770f7e188,0x0000000770f80000)
  to   space 14848K, 0% used [0x0000000773d80000,0x0000000773d80000,0x0000000774c00000)
 ParOldGen       total 126976K, used 16018K [0x00000006c0000000, 0x00000006c7c00000, 0x000000076ab00000)
  object space 126976K, 12% used [0x00000006c0000000,0x00000006c0fa4978,0x00000006c7c00000)
 Metaspace       used 27545K, capacity 28694K, committed 28928K, reserved 1075200K
  class space    used 3790K, capacity 4034K, committed 4096K, reserved 1048576K
}
Event: 9.696 GC heap before
{Heap before GC invocations=7 (full 1):
 PSYoungGen      total 102912K, used 102904K [0x000000076ab00000, 0x0000000774c00000, 0x00000007c0000000)
  eden space 92160K, 100% used [0x000000076ab00000,0x0000000770500000,0x0000000770500000)
  from space 10752K, 99% used [0x0000000770500000,0x0000000770f7e188,0x0000000770f80000)
  to   space 14848K, 0% used [0x0000000773d80000,0x0000000773d80000,0x0000000774c00000)
 ParOldGen       total 126976K, used 16018K [0x00000006c0000000, 0x00000006c7c00000, 0x000000076ab00000)
  object space 126976K, 12% used [0x00000006c0000000,0x00000006c0fa4978,0x00000006c7c00000)
 Metaspace       used 27553K, capacity 28694K, committed 28928K, reserved 1075200K
  class space    used 3791K, capacity 4034K, committed 4096K, reserved 1048576K
Event: 9.711 GC heap after
Heap after GC invocations=7 (full 1):
 PSYoungGen      total 148480K, used 14843K [0x000000076ab00000, 0x0000000775d80000, 0x00000007c0000000)
  eden space 133632K, 0% used [0x000000076ab00000,0x000000076ab00000,0x0000000772d80000)
  from space 14848K, 99% used [0x0000000773d80000,0x0000000774bfecb0,0x0000000774c00000)
  to   space 16384K, 0% used [0x0000000772d80000,0x0000000772d80000,0x0000000773d80000)
 ParOldGen       total 126976K, used 16498K [0x00000006c0000000, 0x00000006c7c00000, 0x000000076ab00000)
  object space 126976K, 12% used [0x00000006c0000000,0x00000006c101c978,0x00000006c7c00000)
 Metaspace       used 27553K, capacity 28694K, committed 28928K, reserved 1075200K
  class space    used 3791K, capacity 4034K, committed 4096K, reserved 1048576K
}
Event: 10.048 GC heap before
{Heap before GC invocations=8 (full 1):
 PSYoungGen      total 148480K, used 148475K [0x000000076ab00000, 0x0000000775d80000, 0x00000007c0000000)
  eden space 133632K, 100% used [0x000000076ab00000,0x0000000772d80000,0x0000000772d80000)
  from space 14848K, 99% used [0x0000000773d80000,0x0000000774bfecb0,0x0000000774c00000)
  to   space 16384K, 0% used [0x0000000772d80000,0x0000000772d80000,0x0000000773d80000)
 ParOldGen       total 126976K, used 16498K [0x00000006c0000000, 0x00000006c7c00000, 0x000000076ab00000)
  object space 126976K, 12% used [0x00000006c0000000,0x00000006c101c978,0x00000006c7c00000)
 Metaspace       used 27553K, capacity 28694K, committed 28928K, reserved 1075200K
  class space    used 3791K, capacity 4034K, committed 4096K, reserved 1048576K
Event: 10.077 GC heap after
Heap after GC invocations=8 (full 1):
 PSYoungGen      total 150016K, used 16363K [0x000000076ab00000, 0x000000077b900000, 0x00000007c0000000)
  eden space 133632K, 0% used [0x000000076ab00000,0x000000076ab00000,0x0000000772d80000)
  from space 16384K, 99% used [0x0000000772d80000,0x0000000773d7ac90,0x0000000773d80000)
  to   space 20992K, 0% used [0x000000077a480000,0x000000077a480000,0x000000077b900000)
 ParOldGen       total 126976K, used 22726K [0x00000006c0000000, 0x00000006c7c00000, 0x000000076ab00000)
  object space 126976K, 17% used [0x00000006c0000000,0x00000006c1631988,0x00000006c7c00000)
 Metaspace       used 27553K, capacity 28694K, committed 28928K, reserved 1075200K
  class space    used 3791K, capacity 4034K, committed 4096K, reserved 1048576K
}

