# JRE version: Java(TM) SE Runtime Environment (8.0_112-b16) (build 1.8.0_112-b16)
# Java VM: Java HotSpot(TM) 64-Bit Server VM (25.112-b16 mixed mode bsd-amd64 compressed oops)
Heap:
 PSYoungGen      total 221696K, used 61768K [0x000000076ab00000, 0x0000000779c80000, 0x00000007c0000000)
  eden space 203264K, 23% used [0x000000076ab00000,0x000000076d9c2230,0x0000000777180000)
  from space 18432K, 75% used [0x0000000778380000,0x0000000779110030,0x0000000779580000)
  to   space 18432K, 0% used [0x0000000777180000,0x0000000777180000,0x0000000778380000)
 ParOldGen       total 83456K, used 33632K [0x00000006c0000000, 0x00000006c5180000, 0x000000076ab00000)
  object space 83456K, 40% used [0x00000006c0000000,0x00000006c20d83e0,0x00000006c5180000)
 Metaspace       used 27709K, capacity 28882K, committed 29232K, reserved 1075200K
  class space    used 3790K, capacity 4034K, committed 4144K, reserved 1048576K
GC Heap History (10 events):
Event: 10.909 GC heap before
{Heap before GC invocations=5 (full 1):
 PSYoungGen      total 76288K, used 76274K [0x000000076ab00000, 0x0000000770000000, 0x00000007c0000000)
  eden space 65536K, 100% used [0x000000076ab00000,0x000000076eb00000,0x000000076eb00000)
  from space 10752K, 99% used [0x000000076eb00000,0x000000076f57c8a8,0x000000076f580000)
  to   space 10752K, 0% used [0x000000076f580000,0x000000076f580000,0x0000000770000000)
 ParOldGen       total 83456K, used 14496K [0x00000006c0000000, 0x00000006c5180000, 0x000000076ab00000)
  object space 83456K, 17% used [0x00000006c0000000,0x00000006c0e283a0,0x00000006c5180000)
 Metaspace       used 26521K, capacity 27676K, committed 28080K, reserved 1073152K
  class space    used 3636K, capacity 3897K, committed 4016K, reserved 1048576K
Event: 10.920 GC heap after
Heap after GC invocations=5 (full 1):
 PSYoungGen      total 76288K, used 10747K [0x000000076ab00000, 0x0000000772580000, 0x00000007c0000000)
  eden space 65536K, 0% used [0x000000076ab00000,0x000000076ab00000,0x000000076eb00000)
  from space 10752K, 99% used [0x000000076f580000,0x000000076fffecb0,0x0000000770000000)
  to   space 10752K, 0% used [0x000000076eb00000,0x000000076eb00000,0x000000076f580000)
 ParOldGen       total 83456K, used 18723K [0x00000006c0000000, 0x00000006c5180000, 0x000000076ab00000)
  object space 83456K, 22% used [0x00000006c0000000,0x00000006c1248da8,0x00000006c5180000)
 Metaspace       used 26521K, capacity 27676K, committed 28080K, reserved 1073152K
  class space    used 3636K, capacity 3897K, committed 4016K, reserved 1048576K
}
Event: 11.459 GC heap before
{Heap before GC invocations=6 (full 1):
 PSYoungGen      total 76288K, used 76283K [0x000000076ab00000, 0x0000000772580000, 0x00000007c0000000)
  eden space 65536K, 100% used [0x000000076ab00000,0x000000076eb00000,0x000000076eb00000)
  from space 10752K, 99% used [0x000000076f580000,0x000000076fffecb0,0x0000000770000000)
  to   space 10752K, 0% used [0x000000076eb00000,0x000000076eb00000,0x000000076f580000)
 ParOldGen       total 83456K, used 18723K [0x00000006c0000000, 0x00000006c5180000, 0x000000076ab00000)
  object space 83456K, 22% used [0x00000006c0000000,0x00000006c1248da8,0x00000006c5180000)
 Metaspace       used 26794K, capacity 27944K, committed 28336K, reserved 1073152K
  class space    used 3648K, capacity 3899K, committed 4016K, reserved 1048576K
Event: 11.471 GC heap after
Heap after GC invocations=6 (full 1):
 PSYoungGen      total 76288K, used 10731K [0x000000076ab00000, 0x0000000773700000, 0x00000007c0000000)
  eden space 65536K, 0% used [0x000000076ab00000,0x000000076ab00000,0x000000076eb00000)
  from space 10752K, 99% used [0x000000076eb00000,0x000000076f57acc0,0x000000076f580000)
  to   space 16384K, 0% used [0x0000000772700000,0x0000000772700000,0x0000000773700000)
 ParOldGen       total 83456K, used 21839K [0x00000006c0000000, 0x00000006c5180000, 0x000000076ab00000)
  object space 83456K, 26% used [0x00000006c0000000,0x00000006c1553d70,0x00000006c5180000)
 Metaspace       used 26794K, capacity 27944K, committed 28336K, reserved 1073152K
  class space    used 3648K, capacity 3899K, committed 4016K, reserved 1048576K
}
Event: 12.145 GC heap before
{Heap before GC invocations=7 (full 1):
 PSYoungGen      total 76288K, used 76267K [0x000000076ab00000, 0x0000000773700000, 0x00000007c0000000)
  eden space 65536K, 100% used [0x000000076ab00000,0x000000076eb00000,0x000000076eb00000)
  from space 10752K, 99% used [0x000000076eb00000,0x000000076f57acc0,0x000000076f580000)
  to   space 16384K, 0% used [0x0000000772700000,0x0000000772700000,0x0000000773700000)
 ParOldGen       total 83456K, used 21839K [0x00000006c0000000, 0x00000006c5180000, 0x000000076ab00000)
  object space 83456K, 26% used [0x00000006c0000000,0x00000006c1553d70,0x00000006c5180000)
 Metaspace       used 27603K, capacity 28754K, committed 28976K, reserved 1075200K
  class space    used 3786K, capacity 4034K, committed 4144K, reserved 1048576K
Event: 12.157 GC heap after
Heap after GC invocations=7 (full 1):
 PSYoungGen      total 126976K, used 13847K [0x000000076ab00000, 0x0000000773900000, 0x00000007c0000000)
  eden space 110592K, 0% used [0x000000076ab00000,0x000000076ab00000,0x0000000771700000)
  from space 16384K, 84% used [0x0000000772700000,0x0000000773485d30,0x0000000773700000)
  to   space 16384K, 0% used [0x0000000771700000,0x0000000771700000,0x0000000772700000)
 ParOldGen       total 83456K, used 21847K [0x00000006c0000000, 0x00000006c5180000, 0x000000076ab00000)
  object space 83456K, 26% used [0x00000006c0000000,0x00000006c1555d70,0x00000006c5180000)
 Metaspace       used 27603K, capacity 28754K, committed 28976K, reserved 1075200K
  class space    used 3786K, capacity 4034K, committed 4144K, reserved 1048576K
}
Event: 12.410 GC heap before
{Heap before GC invocations=8 (full 1):
 PSYoungGen      total 126976K, used 124439K [0x000000076ab00000, 0x0000000773900000, 0x00000007c0000000)
  eden space 110592K, 100% used [0x000000076ab00000,0x0000000771700000,0x0000000771700000)
  from space 16384K, 84% used [0x0000000772700000,0x0000000773485d30,0x0000000773700000)
  to   space 16384K, 0% used [0x0000000771700000,0x0000000771700000,0x0000000772700000)
 ParOldGen       total 83456K, used 21847K [0x00000006c0000000, 0x00000006c5180000, 0x000000076ab00000)
  object space 83456K, 26% used [0x00000006c0000000,0x00000006c1555d70,0x00000006c5180000)
 Metaspace       used 27611K, capacity 28754K, committed 28976K, reserved 1075200K
  class space    used 3786K, capacity 4034K, committed 4144K, reserved 1048576K
Event: 12.426 GC heap after
Heap after GC invocations=8 (full 1):
 PSYoungGen      total 126976K, used 16380K [0x000000076ab00000, 0x0000000779580000, 0x00000007c0000000)
  eden space 110592K, 0% used [0x000000076ab00000,0x000000076ab00000,0x0000000771700000)
  from space 16384K, 99% used [0x0000000771700000,0x00000007726ff100,0x0000000772700000)
  to   space 18432K, 0% used [0x0000000778380000,0x0000000778380000,0x0000000779580000)
 ParOldGen       total 83456K, used 24686K [0x00000006c0000000, 0x00000006c5180000, 0x000000076ab00000)
  object space 83456K, 29% used [0x00000006c0000000,0x00000006c181b980,0x00000006c5180000)
 Metaspace       used 27611K, capacity 28754K, committed 28976K, reserved 1075200K
  class space    used 3786K, capacity 4034K, committed 4144K, reserved 1048576K
}
Event: 12.598 GC heap before
{Heap before GC invocations=9 (full 1):
 PSYoungGen      total 126976K, used 126972K [0x000000076ab00000, 0x0000000779580000, 0x00000007c0000000)
  eden space 110592K, 100% used [0x000000076ab00000,0x0000000771700000,0x0000000771700000)
  from space 16384K, 99% used [0x0000000771700000,0x00000007726ff100,0x0000000772700000)
  to   space 18432K, 0% used [0x0000000778380000,0x0000000778380000,0x0000000779580000)
 ParOldGen       total 83456K, used 24686K [0x00000006c0000000, 0x00000006c5180000, 0x000000076ab00000)
  object space 83456K, 29% used [0x00000006c0000000,0x00000006c181b980,0x00000006c5180000)
 Metaspace       used 27613K, capacity 28754K, committed 28976K, reserved 1075200K
  class space    used 3786K, capacity 4034K, committed 4144K, reserved 1048576K
Event: 12.619 GC heap after
Heap after GC invocations=9 (full 1):
 PSYoungGen      total 221696K, used 13888K [0x000000076ab00000, 0x0000000779c80000, 0x00000007c0000000)
  eden space 203264K, 0% used [0x000000076ab00000,0x000000076ab00000,0x0000000777180000)
  from space 18432K, 75% used [0x0000000778380000,0x0000000779110030,0x0000000779580000)
  to   space 18432K, 0% used [0x0000000777180000,0x0000000777180000,0x0000000778380000)
 ParOldGen       total 83456K, used 33632K [0x00000006c0000000, 0x00000006c5180000, 0x000000076ab00000)
  object space 83456K, 40% used [0x00000006c0000000,0x00000006c20d83e0,0x00000006c5180000)
 Metaspace       used 27613K, capacity 28754K, committed 28976K, reserved 1075200K
  class space    used 3786K, capacity 4034K, committed 4144K, reserved 1048576K
}

