# JRE version: Java(TM) SE Runtime Environment (8.0_112-b16) (build 1.8.0_112-b16)
# Java VM: Java HotSpot(TM) 64-Bit Server VM (25.112-b16 mixed mode bsd-amd64 compressed oops)
Heap:
 PSYoungGen      total 137728K, used 129970K [0x000000076ab00000, 0x000000077b700000, 0x00000007c0000000)
  eden space 121856K, 93% used [0x000000076ab00000,0x0000000771a6dea0,0x0000000772200000)
  from space 15872K, 99% used [0x0000000772200000,0x000000077317eca0,0x0000000773180000)
  to   space 19456K, 0% used [0x000000077a400000,0x000000077a400000,0x000000077b700000)
 ParOldGen       total 84480K, used 20874K [0x00000006c0000000, 0x00000006c5280000, 0x000000076ab00000)
  object space 84480K, 24% used [0x00000006c0000000,0x00000006c14629b8,0x00000006c5280000)
 Metaspace       used 27791K, capacity 28926K, committed 29184K, reserved 1075200K
  class space    used 3798K, capacity 4040K, committed 4096K, reserved 1048576K
GC Heap History (10 events):
Event: 25.508 GC heap before
{Heap before GC invocations=4 (full 1):
 PSYoungGen      total 76288K, used 65536K [0x000000076ab00000, 0x0000000770000000, 0x00000007c0000000)
  eden space 65536K, 100% used [0x000000076ab00000,0x000000076eb00000,0x000000076eb00000)
  from space 10752K, 0% used [0x000000076f580000,0x000000076f580000,0x0000000770000000)
  to   space 10752K, 0% used [0x000000076eb00000,0x000000076eb00000,0x000000076f580000)
 ParOldGen       total 84480K, used 13306K [0x00000006c0000000, 0x00000006c5280000, 0x000000076ab00000)
  object space 84480K, 15% used [0x00000006c0000000,0x00000006c0cfe878,0x00000006c5280000)
 Metaspace       used 26443K, capacity 27576K, committed 28032K, reserved 1073152K
  class space    used 3626K, capacity 3863K, committed 3968K, reserved 1048576K
Event: 25.523 GC heap after
Heap after GC invocations=4 (full 1):
 PSYoungGen      total 76288K, used 10726K [0x000000076ab00000, 0x0000000770000000, 0x00000007c0000000)
  eden space 65536K, 0% used [0x000000076ab00000,0x000000076ab00000,0x000000076eb00000)
  from space 10752K, 99% used [0x000000076eb00000,0x000000076f579808,0x000000076f580000)
  to   space 10752K, 0% used [0x000000076f580000,0x000000076f580000,0x0000000770000000)
 ParOldGen       total 84480K, used 14503K [0x00000006c0000000, 0x00000006c5280000, 0x000000076ab00000)
  object space 84480K, 17% used [0x00000006c0000000,0x00000006c0e29f70,0x00000006c5280000)
 Metaspace       used 26443K, capacity 27576K, committed 28032K, reserved 1073152K
  class space    used 3626K, capacity 3863K, committed 3968K, reserved 1048576K
}
Event: 26.555 GC heap before
{Heap before GC invocations=5 (full 1):
 PSYoungGen      total 76288K, used 76262K [0x000000076ab00000, 0x0000000770000000, 0x00000007c0000000)
  eden space 65536K, 100% used [0x000000076ab00000,0x000000076eb00000,0x000000076eb00000)
  from space 10752K, 99% used [0x000000076eb00000,0x000000076f579808,0x000000076f580000)
  to   space 10752K, 0% used [0x000000076f580000,0x000000076f580000,0x0000000770000000)
 ParOldGen       total 84480K, used 14503K [0x00000006c0000000, 0x00000006c5280000, 0x000000076ab00000)
  object space 84480K, 17% used [0x00000006c0000000,0x00000006c0e29f70,0x00000006c5280000)
 Metaspace       used 26621K, capacity 27818K, committed 28032K, reserved 1073152K
  class space    used 3641K, capacity 3898K, committed 3968K, reserved 1048576K
Event: 26.562 GC heap after
Heap after GC invocations=5 (full 1):
 PSYoungGen      total 76288K, used 10747K [0x000000076ab00000, 0x0000000770000000, 0x00000007c0000000)
  eden space 65536K, 0% used [0x000000076ab00000,0x000000076ab00000,0x000000076eb00000)
  from space 10752K, 99% used [0x000000076f580000,0x000000076fffeca0,0x0000000770000000)
  to   space 10752K, 0% used [0x000000076eb00000,0x000000076eb00000,0x000000076f580000)
 ParOldGen       total 84480K, used 14567K [0x00000006c0000000, 0x00000006c5280000, 0x000000076ab00000)
  object space 84480K, 17% used [0x00000006c0000000,0x00000006c0e39f70,0x00000006c5280000)
 Metaspace       used 26621K, capacity 27818K, committed 28032K, reserved 1073152K
  class space    used 3641K, capacity 3898K, committed 3968K, reserved 1048576K
}
Event: 26.875 GC heap before
{Heap before GC invocations=6 (full 1):
 PSYoungGen      total 76288K, used 76283K [0x000000076ab00000, 0x0000000770000000, 0x00000007c0000000)
  eden space 65536K, 100% used [0x000000076ab00000,0x000000076eb00000,0x000000076eb00000)
  from space 10752K, 99% used [0x000000076f580000,0x000000076fffeca0,0x0000000770000000)
  to   space 10752K, 0% used [0x000000076eb00000,0x000000076eb00000,0x000000076f580000)
 ParOldGen       total 84480K, used 14567K [0x00000006c0000000, 0x00000006c5280000, 0x000000076ab00000)
  object space 84480K, 17% used [0x00000006c0000000,0x00000006c0e39f70,0x00000006c5280000)
 Metaspace       used 26914K, capacity 28058K, committed 28288K, reserved 1073152K
  class space    used 3657K, capacity 3906K, committed 3968K, reserved 1048576K
Event: 26.883 GC heap after
Heap after GC invocations=6 (full 1):
 PSYoungGen      total 76288K, used 10747K [0x000000076ab00000, 0x0000000774080000, 0x00000007c0000000)
  eden space 65536K, 0% used [0x000000076ab00000,0x000000076ab00000,0x000000076eb00000)
  from space 10752K, 99% used [0x000000076eb00000,0x000000076f57ecb0,0x000000076f580000)
  to   space 15360K, 0% used [0x0000000773180000,0x0000000773180000,0x0000000774080000)
 ParOldGen       total 84480K, used 16306K [0x00000006c0000000, 0x00000006c5280000, 0x000000076ab00000)
  object space 84480K, 19% used [0x00000006c0000000,0x00000006c0fec9b8,0x00000006c5280000)
 Metaspace       used 26914K, capacity 28058K, committed 28288K, reserved 1073152K
  class space    used 3657K, capacity 3906K, committed 3968K, reserved 1048576K
}
Event: 27.427 GC heap before
{Heap before GC invocations=7 (full 1):
 PSYoungGen      total 76288K, used 76283K [0x000000076ab00000, 0x0000000774080000, 0x00000007c0000000)
  eden space 65536K, 100% used [0x000000076ab00000,0x000000076eb00000,0x000000076eb00000)
  from space 10752K, 99% used [0x000000076eb00000,0x000000076f57ecb0,0x000000076f580000)
  to   space 15360K, 0% used [0x0000000773180000,0x0000000773180000,0x0000000774080000)
 ParOldGen       total 84480K, used 16306K [0x00000006c0000000, 0x00000006c5280000, 0x000000076ab00000)
  object space 84480K, 19% used [0x00000006c0000000,0x00000006c0fec9b8,0x00000006c5280000)
 Metaspace       used 27655K, capacity 28762K, committed 28928K, reserved 1075200K
  class space    used 3790K, capacity 4034K, committed 4096K, reserved 1048576K
Event: 27.439 GC heap after
Heap after GC invocations=7 (full 1):
 PSYoungGen      total 137216K, used 14339K [0x000000076ab00000, 0x0000000774300000, 0x00000007c0000000)
  eden space 121856K, 0% used [0x000000076ab00000,0x000000076ab00000,0x0000000772200000)
  from space 15360K, 93% used [0x0000000773180000,0x0000000773f80df0,0x0000000774080000)
  to   space 15872K, 0% used [0x0000000772200000,0x0000000772200000,0x0000000773180000)
 ParOldGen       total 84480K, used 16314K [0x00000006c0000000, 0x00000006c5280000, 0x000000076ab00000)
  object space 84480K, 19% used [0x00000006c0000000,0x00000006c0fee9b8,0x00000006c5280000)
 Metaspace       used 27655K, capacity 28762K, committed 28928K, reserved 1075200K
  class space    used 3790K, capacity 4034K, committed 4096K, reserved 1048576K
}
Event: 27.681 GC heap before
{Heap before GC invocations=8 (full 1):
 PSYoungGen      total 137216K, used 136195K [0x000000076ab00000, 0x0000000774300000, 0x00000007c0000000)
  eden space 121856K, 100% used [0x000000076ab00000,0x0000000772200000,0x0000000772200000)
  from space 15360K, 93% used [0x0000000773180000,0x0000000773f80df0,0x0000000774080000)
  to   space 15872K, 0% used [0x0000000772200000,0x0000000772200000,0x0000000773180000)
 ParOldGen       total 84480K, used 16314K [0x00000006c0000000, 0x00000006c5280000, 0x000000076ab00000)
  object space 84480K, 19% used [0x00000006c0000000,0x00000006c0fee9b8,0x00000006c5280000)
 Metaspace       used 27658K, capacity 28762K, committed 28928K, reserved 1075200K
  class space    used 3791K, capacity 4034K, committed 4096K, reserved 1048576K
Event: 27.695 GC heap after
Heap after GC invocations=8 (full 1):
 PSYoungGen      total 137728K, used 15867K [0x000000076ab00000, 0x000000077b700000, 0x00000007c0000000)
  eden space 121856K, 0% used [0x000000076ab00000,0x000000076ab00000,0x0000000772200000)
  from space 15872K, 99% used [0x0000000772200000,0x000000077317eca0,0x0000000773180000)
  to   space 19456K, 0% used [0x000000077a400000,0x000000077a400000,0x000000077b700000)
 ParOldGen       total 84480K, used 20874K [0x00000006c0000000, 0x00000006c5280000, 0x000000076ab00000)
  object space 84480K, 24% used [0x00000006c0000000,0x00000006c14629b8,0x00000006c5280000)
 Metaspace       used 27658K, capacity 28762K, committed 28928K, reserved 1075200K
  class space    used 3791K, capacity 4034K, committed 4096K, reserved 1048576K
}

