# JRE version: Java(TM) SE Runtime Environment (8.0_112-b16) (build 1.8.0_112-b16)
# Java VM: Java HotSpot(TM) 64-Bit Server VM (25.112-b16 mixed mode bsd-amd64 compressed oops)
Heap:
 PSYoungGen      total 174592K, used 103753K [0x000000076ab00000, 0x000000077f580000, 0x00000007c0000000)
  eden space 145920K, 51% used [0x000000076ab00000,0x000000076f457738,0x0000000773980000)
  from space 28672K, 99% used [0x0000000773980000,0x000000077557ad00,0x0000000775580000)
  to   space 34816K, 0% used [0x000000077d380000,0x000000077d380000,0x000000077f580000)
 ParOldGen       total 123904K, used 35315K [0x00000006c0000000, 0x00000006c7900000, 0x000000076ab00000)
  object space 123904K, 28% used [0x00000006c0000000,0x00000006c227ceb8,0x00000006c7900000)
 Metaspace       used 27343K, capacity 28442K, committed 28672K, reserved 1073152K
  class space    used 3712K, capacity 3970K, committed 4096K, reserved 1048576K
GC Heap History (10 events):
Event: 7.000 GC heap before
{Heap before GC invocations=4 (full 1):
 PSYoungGen      total 76288K, used 65536K [0x000000076ab00000, 0x0000000770000000, 0x00000007c0000000)
  eden space 65536K, 100% used [0x000000076ab00000,0x000000076eb00000,0x000000076eb00000)
  from space 10752K, 0% used [0x000000076f580000,0x000000076f580000,0x0000000770000000)
  to   space 10752K, 0% used [0x000000076eb00000,0x000000076eb00000,0x000000076f580000)
 ParOldGen       total 123904K, used 13321K [0x00000006c0000000, 0x00000006c7900000, 0x000000076ab00000)
  object space 123904K, 10% used [0x00000006c0000000,0x00000006c0d02560,0x00000006c7900000)
 Metaspace       used 26393K, capacity 27512K, committed 27776K, reserved 1073152K
  class space    used 3624K, capacity 3863K, committed 3968K, reserved 1048576K
Event: 7.017 GC heap after
Heap after GC invocations=4 (full 1):
 PSYoungGen      total 76288K, used 10744K [0x000000076ab00000, 0x0000000771d00000, 0x00000007c0000000)
  eden space 65536K, 0% used [0x000000076ab00000,0x000000076ab00000,0x000000076eb00000)
  from space 10752K, 99% used [0x000000076eb00000,0x000000076f57e378,0x000000076f580000)
  to   space 10752K, 0% used [0x0000000771280000,0x0000000771280000,0x0000000771d00000)
 ParOldGen       total 123904K, used 14436K [0x00000006c0000000, 0x00000006c7900000, 0x000000076ab00000)
  object space 123904K, 11% used [0x00000006c0000000,0x00000006c0e191b0,0x00000006c7900000)
 Metaspace       used 26393K, capacity 27512K, committed 27776K, reserved 1073152K
  class space    used 3624K, capacity 3863K, committed 3968K, reserved 1048576K
}
Event: 8.735 GC heap before
{Heap before GC invocations=5 (full 1):
 PSYoungGen      total 76288K, used 76280K [0x000000076ab00000, 0x0000000771d00000, 0x00000007c0000000)
  eden space 65536K, 100% used [0x000000076ab00000,0x000000076eb00000,0x000000076eb00000)
  from space 10752K, 99% used [0x000000076eb00000,0x000000076f57e378,0x000000076f580000)
  to   space 10752K, 0% used [0x0000000771280000,0x0000000771280000,0x0000000771d00000)
 ParOldGen       total 123904K, used 14436K [0x00000006c0000000, 0x00000006c7900000, 0x000000076ab00000)
  object space 123904K, 11% used [0x00000006c0000000,0x00000006c0e191b0,0x00000006c7900000)
 Metaspace       used 26564K, capacity 27690K, committed 28032K, reserved 1073152K
  class space    used 3641K, capacity 3898K, committed 3968K, reserved 1048576K
Event: 8.751 GC heap after
Heap after GC invocations=5 (full 1):
 PSYoungGen      total 105984K, used 10731K [0x000000076ab00000, 0x0000000771d80000, 0x00000007c0000000)
  eden space 95232K, 0% used [0x000000076ab00000,0x000000076ab00000,0x0000000770800000)
  from space 10752K, 99% used [0x0000000771280000,0x0000000771cfad00,0x0000000771d00000)
  to   space 10752K, 0% used [0x0000000770800000,0x0000000770800000,0x0000000771280000)
 ParOldGen       total 123904K, used 14612K [0x00000006c0000000, 0x00000006c7900000, 0x000000076ab00000)
  object space 123904K, 11% used [0x00000006c0000000,0x00000006c0e451b0,0x00000006c7900000)
 Metaspace       used 26564K, capacity 27690K, committed 28032K, reserved 1073152K
  class space    used 3641K, capacity 3898K, committed 3968K, reserved 1048576K
}
Event: 10.000 GC heap before
{Heap before GC invocations=6 (full 1):
 PSYoungGen      total 105984K, used 105963K [0x000000076ab00000, 0x0000000771d80000, 0x00000007c0000000)
  eden space 95232K, 100% used [0x000000076ab00000,0x0000000770800000,0x0000000770800000)
  from space 10752K, 99% used [0x0000000771280000,0x0000000771cfad00,0x0000000771d00000)
  to   space 10752K, 0% used [0x0000000770800000,0x0000000770800000,0x0000000771280000)
 ParOldGen       total 123904K, used 14612K [0x00000006c0000000, 0x00000006c7900000, 0x000000076ab00000)
  object space 123904K, 11% used [0x00000006c0000000,0x00000006c0e451b0,0x00000006c7900000)
 Metaspace       used 26869K, capacity 27994K, committed 28288K, reserved 1073152K
  class space    used 3656K, capacity 3906K, committed 3968K, reserved 1048576K
Event: 10.039 GC heap after
Heap after GC invocations=6 (full 1):
 PSYoungGen      total 105984K, used 10731K [0x000000076ab00000, 0x0000000776d00000, 0x00000007c0000000)
  eden space 95232K, 0% used [0x000000076ab00000,0x000000076ab00000,0x0000000770800000)
  from space 10752K, 99% used [0x0000000770800000,0x000000077127ace0,0x0000000771280000)
  to   space 24064K, 0% used [0x0000000775580000,0x0000000775580000,0x0000000776d00000)
 ParOldGen       total 123904K, used 29943K [0x00000006c0000000, 0x00000006c7900000, 0x000000076ab00000)
  object space 123904K, 24% used [0x00000006c0000000,0x00000006c1d3ddd8,0x00000006c7900000)
 Metaspace       used 26869K, capacity 27994K, committed 28288K, reserved 1073152K
  class space    used 3656K, capacity 3906K, committed 3968K, reserved 1048576K
}
Event: 10.506 GC heap before
{Heap before GC invocations=7 (full 1):
 PSYoungGen      total 105984K, used 105963K [0x000000076ab00000, 0x0000000776d00000, 0x00000007c0000000)
  eden space 95232K, 100% used [0x000000076ab00000,0x0000000770800000,0x0000000770800000)
  from space 10752K, 99% used [0x0000000770800000,0x000000077127ace0,0x0000000771280000)
  to   space 24064K, 0% used [0x0000000775580000,0x0000000775580000,0x0000000776d00000)
 ParOldGen       total 123904K, used 29943K [0x00000006c0000000, 0x00000006c7900000, 0x000000076ab00000)
  object space 123904K, 24% used [0x00000006c0000000,0x00000006c1d3ddd8,0x00000006c7900000)
 Metaspace       used 27148K, capacity 28282K, committed 28544K, reserved 1073152K
  class space    used 3688K, capacity 3938K, committed 3968K, reserved 1048576K
Event: 10.559 GC heap after
Heap after GC invocations=7 (full 1):
 PSYoungGen      total 169984K, used 24043K [0x000000076ab00000, 0x0000000778880000, 0x00000007c0000000)
  eden space 145920K, 0% used [0x000000076ab00000,0x000000076ab00000,0x0000000773980000)
  from space 24064K, 99% used [0x0000000775580000,0x0000000776cfad20,0x0000000776d00000)
  to   space 28672K, 0% used [0x0000000773980000,0x0000000773980000,0x0000000775580000)
 ParOldGen       total 123904K, used 31483K [0x00000006c0000000, 0x00000006c7900000, 0x000000076ab00000)
  object space 123904K, 25% used [0x00000006c0000000,0x00000006c1ebeeb8,0x00000006c7900000)
 Metaspace       used 27148K, capacity 28282K, committed 28544K, reserved 1073152K
  class space    used 3688K, capacity 3938K, committed 3968K, reserved 1048576K
}
Event: 11.013 GC heap before
{Heap before GC invocations=8 (full 1):
 PSYoungGen      total 169984K, used 169963K [0x000000076ab00000, 0x0000000778880000, 0x00000007c0000000)
  eden space 145920K, 100% used [0x000000076ab00000,0x0000000773980000,0x0000000773980000)
  from space 24064K, 99% used [0x0000000775580000,0x0000000776cfad20,0x0000000776d00000)
  to   space 28672K, 0% used [0x0000000773980000,0x0000000773980000,0x0000000775580000)
 ParOldGen       total 123904K, used 31483K [0x00000006c0000000, 0x00000006c7900000, 0x000000076ab00000)
  object space 123904K, 25% used [0x00000006c0000000,0x00000006c1ebeeb8,0x00000006c7900000)
 Metaspace       used 27149K, capacity 28282K, committed 28544K, reserved 1073152K
  class space    used 3689K, capacity 3938K, committed 3968K, reserved 1048576K
Event: 11.068 GC heap after
Heap after GC invocations=8 (full 1):
 PSYoungGen      total 174592K, used 28651K [0x000000076ab00000, 0x000000077f580000, 0x00000007c0000000)
  eden space 145920K, 0% used [0x000000076ab00000,0x000000076ab00000,0x0000000773980000)
  from space 28672K, 99% used [0x0000000773980000,0x000000077557ad00,0x0000000775580000)
  to   space 34816K, 0% used [0x000000077d380000,0x000000077d380000,0x000000077f580000)
 ParOldGen       total 123904K, used 35315K [0x00000006c0000000, 0x00000006c7900000, 0x000000076ab00000)
  object space 123904K, 28% used [0x00000006c0000000,0x00000006c227ceb8,0x00000006c7900000)
 Metaspace       used 27149K, capacity 28282K, committed 28544K, reserved 1073152K
  class space    used 3689K, capacity 3938K, committed 3968K, reserved 1048576K
}

