# JRE version: Java(TM) SE Runtime Environment (8.0_112-b16) (build 1.8.0_112-b16)
# Java VM: Java HotSpot(TM) 64-Bit Server VM (25.112-b16 mixed mode bsd-amd64 compressed oops)
Heap:
 PSYoungGen      total 164352K, used 119404K [0x000000076ab00000, 0x000000077c380000, 0x00000007c0000000)
  eden space 147456K, 69% used [0x000000076ab00000,0x0000000770fa85e8,0x0000000773b00000)
  from space 16896K, 96% used [0x0000000773b00000,0x0000000774af2c90,0x0000000774b80000)
  to   space 18432K, 0% used [0x000000077b180000,0x000000077b180000,0x000000077c380000)
 ParOldGen       total 122368K, used 18838K [0x00000006c0000000, 0x00000006c7780000, 0x000000076ab00000)
  object space 122368K, 15% used [0x00000006c0000000,0x00000006c1265be0,0x00000006c7780000)
 Metaspace       used 27348K, capacity 28506K, committed 28848K, reserved 1075200K
  class space    used 3718K, capacity 3970K, committed 4016K, reserved 1048576K
GC Heap History (10 events):
Event: 6.557 GC heap before
{Heap before GC invocations=4 (full 1):
 PSYoungGen      total 76288K, used 65536K [0x000000076ab00000, 0x0000000770000000, 0x00000007c0000000)
  eden space 65536K, 100% used [0x000000076ab00000,0x000000076eb00000,0x000000076eb00000)
  from space 10752K, 0% used [0x000000076f580000,0x000000076f580000,0x0000000770000000)
  to   space 10752K, 0% used [0x000000076eb00000,0x000000076eb00000,0x000000076f580000)
 ParOldGen       total 122368K, used 13259K [0x00000006c0000000, 0x00000006c7780000, 0x000000076ab00000)
  object space 122368K, 10% used [0x00000006c0000000,0x00000006c0cf2cc8,0x00000006c7780000)
 Metaspace       used 26386K, capacity 27512K, committed 27696K, reserved 1073152K
  class space    used 3626K, capacity 3863K, committed 3888K, reserved 1048576K
Event: 6.573 GC heap after
Heap after GC invocations=4 (full 1):
 PSYoungGen      total 76288K, used 10748K [0x000000076ab00000, 0x0000000771d00000, 0x00000007c0000000)
  eden space 65536K, 0% used [0x000000076ab00000,0x000000076ab00000,0x000000076eb00000)
  from space 10752K, 99% used [0x000000076eb00000,0x000000076f57f2c8,0x000000076f580000)
  to   space 10752K, 0% used [0x0000000771280000,0x0000000771280000,0x0000000771d00000)
 ParOldGen       total 122368K, used 14604K [0x00000006c0000000, 0x00000006c7780000, 0x000000076ab00000)
  object space 122368K, 11% used [0x00000006c0000000,0x00000006c0e431d8,0x00000006c7780000)
 Metaspace       used 26386K, capacity 27512K, committed 27696K, reserved 1073152K
  class space    used 3626K, capacity 3863K, committed 3888K, reserved 1048576K
}
Event: 7.652 GC heap before
{Heap before GC invocations=5 (full 1):
 PSYoungGen      total 76288K, used 76284K [0x000000076ab00000, 0x0000000771d00000, 0x00000007c0000000)
  eden space 65536K, 100% used [0x000000076ab00000,0x000000076eb00000,0x000000076eb00000)
  from space 10752K, 99% used [0x000000076eb00000,0x000000076f57f2c8,0x000000076f580000)
  to   space 10752K, 0% used [0x0000000771280000,0x0000000771280000,0x0000000771d00000)
 ParOldGen       total 122368K, used 14604K [0x00000006c0000000, 0x00000006c7780000, 0x000000076ab00000)
  object space 122368K, 11% used [0x00000006c0000000,0x00000006c0e431d8,0x00000006c7780000)
 Metaspace       used 26502K, capacity 27620K, committed 28080K, reserved 1073152K
  class space    used 3641K, capacity 3897K, committed 4016K, reserved 1048576K
Event: 7.677 GC heap after
Heap after GC invocations=5 (full 1):
 PSYoungGen      total 105984K, used 10731K [0x000000076ab00000, 0x0000000772300000, 0x00000007c0000000)
  eden space 95232K, 0% used [0x000000076ab00000,0x000000076ab00000,0x0000000770800000)
  from space 10752K, 99% used [0x0000000771280000,0x0000000771cfacc0,0x0000000771d00000)
  to   space 10752K, 0% used [0x0000000770800000,0x0000000770800000,0x0000000771280000)
 ParOldGen       total 122368K, used 18814K [0x00000006c0000000, 0x00000006c7780000, 0x000000076ab00000)
  object space 122368K, 15% used [0x00000006c0000000,0x00000006c125fbe0,0x00000006c7780000)
 Metaspace       used 26502K, capacity 27620K, committed 28080K, reserved 1073152K
  class space    used 3641K, capacity 3897K, committed 4016K, reserved 1048576K
}
Event: 8.681 GC heap before
{Heap before GC invocations=6 (full 1):
 PSYoungGen      total 105984K, used 105963K [0x000000076ab00000, 0x0000000772300000, 0x00000007c0000000)
  eden space 95232K, 100% used [0x000000076ab00000,0x0000000770800000,0x0000000770800000)
  from space 10752K, 99% used [0x0000000771280000,0x0000000771cfacc0,0x0000000771d00000)
  to   space 10752K, 0% used [0x0000000770800000,0x0000000770800000,0x0000000771280000)
 ParOldGen       total 122368K, used 18814K [0x00000006c0000000, 0x00000006c7780000, 0x000000076ab00000)
  object space 122368K, 15% used [0x00000006c0000000,0x00000006c125fbe0,0x00000006c7780000)
 Metaspace       used 26846K, capacity 27994K, committed 28336K, reserved 1073152K
  class space    used 3656K, capacity 3906K, committed 4016K, reserved 1048576K
Event: 8.694 GC heap after
Heap after GC invocations=6 (full 1):
 PSYoungGen      total 105984K, used 9890K [0x000000076ab00000, 0x0000000775c00000, 0x00000007c0000000)
  eden space 95232K, 0% used [0x000000076ab00000,0x000000076ab00000,0x0000000770800000)
  from space 10752K, 91% used [0x0000000770800000,0x00000007711a8b40,0x0000000771280000)
  to   space 16896K, 0% used [0x0000000774b80000,0x0000000774b80000,0x0000000775c00000)
 ParOldGen       total 122368K, used 18822K [0x00000006c0000000, 0x00000006c7780000, 0x000000076ab00000)
  object space 122368K, 15% used [0x00000006c0000000,0x00000006c1261be0,0x00000006c7780000)
 Metaspace       used 26846K, capacity 27994K, committed 28336K, reserved 1073152K
  class space    used 3656K, capacity 3906K, committed 4016K, reserved 1048576K
}
Event: 9.418 GC heap before
{Heap before GC invocations=7 (full 1):
 PSYoungGen      total 105984K, used 105122K [0x000000076ab00000, 0x0000000775c00000, 0x00000007c0000000)
  eden space 95232K, 100% used [0x000000076ab00000,0x0000000770800000,0x0000000770800000)
  from space 10752K, 91% used [0x0000000770800000,0x00000007711a8b40,0x0000000771280000)
  to   space 16896K, 0% used [0x0000000774b80000,0x0000000774b80000,0x0000000775c00000)
 ParOldGen       total 122368K, used 18822K [0x00000006c0000000, 0x00000006c7780000, 0x000000076ab00000)
  object space 122368K, 15% used [0x00000006c0000000,0x00000006c1261be0,0x00000006c7780000)
 Metaspace       used 27146K, capacity 28282K, committed 28592K, reserved 1073152K
  class space    used 3690K, capacity 3938K, committed 4016K, reserved 1048576K
Event: 9.431 GC heap after
Heap after GC invocations=7 (full 1):
 PSYoungGen      total 164352K, used 8341K [0x000000076ab00000, 0x0000000775e80000, 0x00000007c0000000)
  eden space 147456K, 0% used [0x000000076ab00000,0x000000076ab00000,0x0000000773b00000)
  from space 16896K, 49% used [0x0000000774b80000,0x00000007753a54f0,0x0000000775c00000)
  to   space 16896K, 0% used [0x0000000773b00000,0x0000000773b00000,0x0000000774b80000)
 ParOldGen       total 122368K, used 18830K [0x00000006c0000000, 0x00000006c7780000, 0x000000076ab00000)
  object space 122368K, 15% used [0x00000006c0000000,0x00000006c1263be0,0x00000006c7780000)
 Metaspace       used 27146K, capacity 28282K, committed 28592K, reserved 1073152K
  class space    used 3690K, capacity 3938K, committed 4016K, reserved 1048576K
}
Event: 9.946 GC heap before
{Heap before GC invocations=8 (full 1):
 PSYoungGen      total 164352K, used 155797K [0x000000076ab00000, 0x0000000775e80000, 0x00000007c0000000)
  eden space 147456K, 100% used [0x000000076ab00000,0x0000000773b00000,0x0000000773b00000)
  from space 16896K, 49% used [0x0000000774b80000,0x00000007753a54f0,0x0000000775c00000)
  to   space 16896K, 0% used [0x0000000773b00000,0x0000000773b00000,0x0000000774b80000)
 ParOldGen       total 122368K, used 18830K [0x00000006c0000000, 0x00000006c7780000, 0x000000076ab00000)
  object space 122368K, 15% used [0x00000006c0000000,0x00000006c1263be0,0x00000006c7780000)
 Metaspace       used 27147K, capacity 28282K, committed 28592K, reserved 1073152K
  class space    used 3690K, capacity 3938K, committed 4016K, reserved 1048576K
Event: 9.974 GC heap after
Heap after GC invocations=8 (full 1):
 PSYoungGen      total 164352K, used 16331K [0x000000076ab00000, 0x000000077c380000, 0x00000007c0000000)
  eden space 147456K, 0% used [0x000000076ab00000,0x000000076ab00000,0x0000000773b00000)
  from space 16896K, 96% used [0x0000000773b00000,0x0000000774af2c90,0x0000000774b80000)
  to   space 18432K, 0% used [0x000000077b180000,0x000000077b180000,0x000000077c380000)
 ParOldGen       total 122368K, used 18838K [0x00000006c0000000, 0x00000006c7780000, 0x000000076ab00000)
  object space 122368K, 15% used [0x00000006c0000000,0x00000006c1265be0,0x00000006c7780000)
 Metaspace       used 27147K, capacity 28282K, committed 28592K, reserved 1073152K
  class space    used 3690K, capacity 3938K, committed 4016K, reserved 1048576K
}

