# JRE version: Java(TM) SE Runtime Environment (8.0_112-b16) (build 1.8.0_112-b16)
# Java VM: Java HotSpot(TM) 64-Bit Server VM (25.112-b16 mixed mode bsd-amd64 compressed oops)
Heap:
 PSYoungGen      total 211968K, used 140374K [0x000000076ab00000, 0x0000000779d00000, 0x00000007c0000000)
  eden space 180736K, 65% used [0x000000076ab00000,0x0000000771edd880,0x0000000775b80000)
  from space 31232K, 69% used [0x0000000777a00000,0x0000000778f38070,0x0000000779880000)
  to   space 31232K, 0% used [0x0000000775b80000,0x0000000775b80000,0x0000000777a00000)
 ParOldGen       total 83456K, used 50555K [0x00000006c0000000, 0x00000006c5180000, 0x000000076ab00000)
  object space 83456K, 60% used [0x00000006c0000000,0x00000006c315efb0,0x00000006c5180000)
 Metaspace       used 27303K, capacity 28442K, committed 28672K, reserved 1073152K
  class space    used 3708K, capacity 3970K, committed 4096K, reserved 1048576K
GC Heap History (10 events):
Event: 9.775 GC heap before
{Heap before GC invocations=5 (full 1):
 PSYoungGen      total 76288K, used 76270K [0x000000076ab00000, 0x0000000770000000, 0x00000007c0000000)
  eden space 65536K, 100% used [0x000000076ab00000,0x000000076eb00000,0x000000076eb00000)
  from space 10752K, 99% used [0x000000076eb00000,0x000000076f57b890,0x000000076f580000)
  to   space 10752K, 0% used [0x000000076f580000,0x000000076f580000,0x0000000770000000)
 ParOldGen       total 83456K, used 14456K [0x00000006c0000000, 0x00000006c5180000, 0x000000076ab00000)
  object space 83456K, 17% used [0x00000006c0000000,0x00000006c0e1e000,0x00000006c5180000)
 Metaspace       used 26481K, capacity 27620K, committed 28032K, reserved 1073152K
  class space    used 3636K, capacity 3897K, committed 3968K, reserved 1048576K
Event: 9.786 GC heap after
Heap after GC invocations=5 (full 1):
 PSYoungGen      total 76288K, used 10747K [0x000000076ab00000, 0x0000000772580000, 0x00000007c0000000)
  eden space 65536K, 0% used [0x000000076ab00000,0x000000076ab00000,0x000000076eb00000)
  from space 10752K, 99% used [0x000000076f580000,0x000000076fffecd0,0x0000000770000000)
  to   space 10752K, 0% used [0x000000076eb00000,0x000000076eb00000,0x000000076f580000)
 ParOldGen       total 83456K, used 18802K [0x00000006c0000000, 0x00000006c5180000, 0x000000076ab00000)
  object space 83456K, 22% used [0x00000006c0000000,0x00000006c125ca08,0x00000006c5180000)
 Metaspace       used 26481K, capacity 27620K, committed 28032K, reserved 1073152K
  class space    used 3636K, capacity 3897K, committed 3968K, reserved 1048576K
}
Event: 10.337 GC heap before
{Heap before GC invocations=6 (full 1):
 PSYoungGen      total 76288K, used 76283K [0x000000076ab00000, 0x0000000772580000, 0x00000007c0000000)
  eden space 65536K, 100% used [0x000000076ab00000,0x000000076eb00000,0x000000076eb00000)
  from space 10752K, 99% used [0x000000076f580000,0x000000076fffecd0,0x0000000770000000)
  to   space 10752K, 0% used [0x000000076eb00000,0x000000076eb00000,0x000000076f580000)
 ParOldGen       total 83456K, used 18802K [0x00000006c0000000, 0x00000006c5180000, 0x000000076ab00000)
  object space 83456K, 22% used [0x00000006c0000000,0x00000006c125ca08,0x00000006c5180000)
 Metaspace       used 26735K, capacity 27888K, committed 28288K, reserved 1073152K
  class space    used 3647K, capacity 3899K, committed 3968K, reserved 1048576K
Event: 10.347 GC heap after
Heap after GC invocations=6 (full 1):
 PSYoungGen      total 76288K, used 10731K [0x000000076ab00000, 0x0000000773500000, 0x00000007c0000000)
  eden space 65536K, 0% used [0x000000076ab00000,0x000000076ab00000,0x000000076eb00000)
  from space 10752K, 99% used [0x000000076eb00000,0x000000076f57acd0,0x000000076f580000)
  to   space 16384K, 0% used [0x0000000772500000,0x0000000772500000,0x0000000773500000)
 ParOldGen       total 83456K, used 22412K [0x00000006c0000000, 0x00000006c5180000, 0x000000076ab00000)
  object space 83456K, 26% used [0x00000006c0000000,0x00000006c15e32a8,0x00000006c5180000)
 Metaspace       used 26735K, capacity 27888K, committed 28288K, reserved 1073152K
  class space    used 3647K, capacity 3899K, committed 3968K, reserved 1048576K
}
Event: 10.881 GC heap before
{Heap before GC invocations=7 (full 1):
 PSYoungGen      total 76288K, used 76267K [0x000000076ab00000, 0x0000000773500000, 0x00000007c0000000)
  eden space 65536K, 100% used [0x000000076ab00000,0x000000076eb00000,0x000000076eb00000)
  from space 10752K, 99% used [0x000000076eb00000,0x000000076f57acd0,0x000000076f580000)
  to   space 16384K, 0% used [0x0000000772500000,0x0000000772500000,0x0000000773500000)
 ParOldGen       total 83456K, used 22412K [0x00000006c0000000, 0x00000006c5180000, 0x000000076ab00000)
  object space 83456K, 26% used [0x00000006c0000000,0x00000006c15e32a8,0x00000006c5180000)
 Metaspace       used 26839K, capacity 27994K, committed 28288K, reserved 1073152K
  class space    used 3651K, capacity 3906K, committed 3968K, reserved 1048576K
Event: 10.905 GC heap after
Heap after GC invocations=7 (full 1):
 PSYoungGen      total 113152K, used 16363K [0x000000076ab00000, 0x0000000775400000, 0x00000007c0000000)
  eden space 96768K, 0% used [0x000000076ab00000,0x000000076ab00000,0x0000000770980000)
  from space 16384K, 99% used [0x0000000772500000,0x00000007734fad20,0x0000000773500000)
  to   space 28160K, 0% used [0x0000000770980000,0x0000000770980000,0x0000000772500000)
 ParOldGen       total 83456K, used 40893K [0x00000006c0000000, 0x00000006c5180000, 0x000000076ab00000)
  object space 83456K, 49% used [0x00000006c0000000,0x00000006c27ef5c8,0x00000006c5180000)
 Metaspace       used 26839K, capacity 27994K, committed 28288K, reserved 1073152K
  class space    used 3651K, capacity 3906K, committed 3968K, reserved 1048576K
}
Event: 11.182 GC heap before
{Heap before GC invocations=8 (full 1):
 PSYoungGen      total 113152K, used 113131K [0x000000076ab00000, 0x0000000775400000, 0x00000007c0000000)
  eden space 96768K, 100% used [0x000000076ab00000,0x0000000770980000,0x0000000770980000)
  from space 16384K, 99% used [0x0000000772500000,0x00000007734fad20,0x0000000773500000)
  to   space 28160K, 0% used [0x0000000770980000,0x0000000770980000,0x0000000772500000)
 ParOldGen       total 83456K, used 40893K [0x00000006c0000000, 0x00000006c5180000, 0x000000076ab00000)
  object space 83456K, 49% used [0x00000006c0000000,0x00000006c27ef5c8,0x00000006c5180000)
 Metaspace       used 27106K, capacity 28282K, committed 28544K, reserved 1073152K
  class space    used 3684K, capacity 3938K, committed 3968K, reserved 1048576K
Event: 11.205 GC heap after
Heap after GC invocations=8 (full 1):
 PSYoungGen      total 124928K, used 25659K [0x000000076ab00000, 0x0000000779880000, 0x00000007c0000000)
  eden space 96768K, 0% used [0x000000076ab00000,0x000000076ab00000,0x0000000770980000)
  from space 28160K, 91% used [0x0000000770980000,0x000000077228ed00,0x0000000772500000)
  to   space 31232K, 0% used [0x0000000777a00000,0x0000000777a00000,0x0000000779880000)
 ParOldGen       total 83456K, used 40901K [0x00000006c0000000, 0x00000006c5180000, 0x000000076ab00000)
  object space 83456K, 49% used [0x00000006c0000000,0x00000006c27f15c8,0x00000006c5180000)
 Metaspace       used 27106K, capacity 28282K, committed 28544K, reserved 1073152K
  class space    used 3684K, capacity 3938K, committed 3968K, reserved 1048576K
}
Event: 11.378 GC heap before
{Heap before GC invocations=9 (full 1):
 PSYoungGen      total 124928K, used 122427K [0x000000076ab00000, 0x0000000779880000, 0x00000007c0000000)
  eden space 96768K, 100% used [0x000000076ab00000,0x0000000770980000,0x0000000770980000)
  from space 28160K, 91% used [0x0000000770980000,0x000000077228ed00,0x0000000772500000)
  to   space 31232K, 0% used [0x0000000777a00000,0x0000000777a00000,0x0000000779880000)
 ParOldGen       total 83456K, used 40901K [0x00000006c0000000, 0x00000006c5180000, 0x000000076ab00000)
  object space 83456K, 49% used [0x00000006c0000000,0x00000006c27f15c8,0x00000006c5180000)
 Metaspace       used 27106K, capacity 28282K, committed 28544K, reserved 1073152K
  class space    used 3684K, capacity 3938K, committed 3968K, reserved 1048576K
Event: 11.401 GC heap after
Heap after GC invocations=9 (full 1):
 PSYoungGen      total 211968K, used 21728K [0x000000076ab00000, 0x0000000779d00000, 0x00000007c0000000)
  eden space 180736K, 0% used [0x000000076ab00000,0x000000076ab00000,0x0000000775b80000)
  from space 31232K, 69% used [0x0000000777a00000,0x0000000778f38070,0x0000000779880000)
  to   space 31232K, 0% used [0x0000000775b80000,0x0000000775b80000,0x0000000777a00000)
 ParOldGen       total 83456K, used 50555K [0x00000006c0000000, 0x00000006c5180000, 0x000000076ab00000)
  object space 83456K, 60% used [0x00000006c0000000,0x00000006c315efb0,0x00000006c5180000)
 Metaspace       used 27106K, capacity 28282K, committed 28544K, reserved 1073152K
  class space    used 3684K, capacity 3938K, committed 3968K, reserved 1048576K
}

