# JRE version: Java(TM) SE Runtime Environment (8.0_112-b16) (build 1.8.0_112-b16)
# Java VM: Java HotSpot(TM) 64-Bit Server VM (25.112-b16 mixed mode bsd-amd64 compressed oops)
Heap:
 PSYoungGen      total 180224K, used 101120K [0x000000076ab00000, 0x000000077f800000, 0x00000007c0000000)
  eden space 162304K, 51% used [0x000000076ab00000,0x000000076fc456c0,0x0000000774980000)
  from space 17920K, 99% used [0x0000000774980000,0x0000000775afad10,0x0000000775b00000)
  to   space 22016K, 0% used [0x000000077e280000,0x000000077e280000,0x000000077f800000)
 ParOldGen       total 121344K, used 29308K [0x00000006c0000000, 0x00000006c7680000, 0x000000076ab00000)
  object space 121344K, 24% used [0x00000006c0000000,0x00000006c1c9f110,0x00000006c7680000)
 Metaspace       used 27380K, capacity 28506K, committed 28928K, reserved 1075200K
  class space    used 3716K, capacity 3970K, committed 4096K, reserved 1048576K
GC Heap History (10 events):
Event: 8.754 GC heap before
{Heap before GC invocations=4 (full 1):
 PSYoungGen      total 76288K, used 65536K [0x000000076ab00000, 0x0000000770000000, 0x00000007c0000000)
  eden space 65536K, 100% used [0x000000076ab00000,0x000000076eb00000,0x000000076eb00000)
  from space 10752K, 0% used [0x000000076f580000,0x000000076f580000,0x0000000770000000)
  to   space 10752K, 0% used [0x000000076eb00000,0x000000076eb00000,0x000000076f580000)
 ParOldGen       total 121344K, used 13309K [0x00000006c0000000, 0x00000006c7680000, 0x000000076ab00000)
  object space 121344K, 10% used [0x00000006c0000000,0x00000006c0cff5c0,0x00000006c7680000)
 Metaspace       used 26427K, capacity 27576K, committed 28032K, reserved 1073152K
  class space    used 3624K, capacity 3863K, committed 3968K, reserved 1048576K
Event: 8.763 GC heap after
Heap after GC invocations=4 (full 1):
 PSYoungGen      total 76288K, used 10730K [0x000000076ab00000, 0x0000000771f80000, 0x00000007c0000000)
  eden space 65536K, 0% used [0x000000076ab00000,0x000000076ab00000,0x000000076eb00000)
  from space 10752K, 99% used [0x000000076eb00000,0x000000076f57aa90,0x000000076f580000)
  to   space 10752K, 0% used [0x0000000771500000,0x0000000771500000,0x0000000771f80000)
 ParOldGen       total 121344K, used 14487K [0x00000006c0000000, 0x00000006c7680000, 0x000000076ab00000)
  object space 121344K, 11% used [0x00000006c0000000,0x00000006c0e25d88,0x00000006c7680000)
 Metaspace       used 26427K, capacity 27576K, committed 28032K, reserved 1073152K
  class space    used 3624K, capacity 3863K, committed 3968K, reserved 1048576K
}
Event: 9.597 GC heap before
{Heap before GC invocations=5 (full 1):
 PSYoungGen      total 76288K, used 76266K [0x000000076ab00000, 0x0000000771f80000, 0x00000007c0000000)
  eden space 65536K, 100% used [0x000000076ab00000,0x000000076eb00000,0x000000076eb00000)
  from space 10752K, 99% used [0x000000076eb00000,0x000000076f57aa90,0x000000076f580000)
  to   space 10752K, 0% used [0x0000000771500000,0x0000000771500000,0x0000000771f80000)
 ParOldGen       total 121344K, used 14487K [0x00000006c0000000, 0x00000006c7680000, 0x000000076ab00000)
  object space 121344K, 11% used [0x00000006c0000000,0x00000006c0e25d88,0x00000006c7680000)
 Metaspace       used 26536K, capacity 27684K, committed 28032K, reserved 1073152K
  class space    used 3638K, capacity 3897K, committed 3968K, reserved 1048576K
Event: 9.610 GC heap after
Heap after GC invocations=5 (full 1):
 PSYoungGen      total 108544K, used 10747K [0x000000076ab00000, 0x0000000772580000, 0x00000007c0000000)
  eden space 97792K, 0% used [0x000000076ab00000,0x000000076ab00000,0x0000000770a80000)
  from space 10752K, 99% used [0x0000000771500000,0x0000000771f7ecd0,0x0000000771f80000)
  to   space 10752K, 0% used [0x0000000770a80000,0x0000000770a80000,0x0000000771500000)
 ParOldGen       total 121344K, used 18809K [0x00000006c0000000, 0x00000006c7680000, 0x000000076ab00000)
  object space 121344K, 15% used [0x00000006c0000000,0x00000006c125e790,0x00000006c7680000)
 Metaspace       used 26536K, capacity 27684K, committed 28032K, reserved 1073152K
  class space    used 3638K, capacity 3897K, committed 3968K, reserved 1048576K
}
Event: 10.304 GC heap before
{Heap before GC invocations=6 (full 1):
 PSYoungGen      total 108544K, used 108539K [0x000000076ab00000, 0x0000000772580000, 0x00000007c0000000)
  eden space 97792K, 100% used [0x000000076ab00000,0x0000000770a80000,0x0000000770a80000)
  from space 10752K, 99% used [0x0000000771500000,0x0000000771f7ecd0,0x0000000771f80000)
  to   space 10752K, 0% used [0x0000000770a80000,0x0000000770a80000,0x0000000771500000)
 ParOldGen       total 121344K, used 18809K [0x00000006c0000000, 0x00000006c7680000, 0x000000076ab00000)
  object space 121344K, 15% used [0x00000006c0000000,0x00000006c125e790,0x00000006c7680000)
 Metaspace       used 26881K, capacity 28058K, committed 28288K, reserved 1073152K
  class space    used 3655K, capacity 3906K, committed 3968K, reserved 1048576K
Event: 10.318 GC heap after
Heap after GC invocations=6 (full 1):
 PSYoungGen      total 108544K, used 10731K [0x000000076ab00000, 0x0000000776c80000, 0x00000007c0000000)
  eden space 97792K, 0% used [0x000000076ab00000,0x000000076ab00000,0x0000000770a80000)
  from space 10752K, 99% used [0x0000000770a80000,0x00000007714fad00,0x0000000771500000)
  to   space 17920K, 0% used [0x0000000775b00000,0x0000000775b00000,0x0000000776c80000)
 ParOldGen       total 121344K, used 23340K [0x00000006c0000000, 0x00000006c7680000, 0x000000076ab00000)
  object space 121344K, 19% used [0x00000006c0000000,0x00000006c16cb110,0x00000006c7680000)
 Metaspace       used 26881K, capacity 28058K, committed 28288K, reserved 1073152K
  class space    used 3655K, capacity 3906K, committed 3968K, reserved 1048576K
}
Event: 10.965 GC heap before
{Heap before GC invocations=7 (full 1):
 PSYoungGen      total 108544K, used 108523K [0x000000076ab00000, 0x0000000776c80000, 0x00000007c0000000)
  eden space 97792K, 100% used [0x000000076ab00000,0x0000000770a80000,0x0000000770a80000)
  from space 10752K, 99% used [0x0000000770a80000,0x00000007714fad00,0x0000000771500000)
  to   space 17920K, 0% used [0x0000000775b00000,0x0000000775b00000,0x0000000776c80000)
 ParOldGen       total 121344K, used 23340K [0x00000006c0000000, 0x00000006c7680000, 0x000000076ab00000)
  object space 121344K, 19% used [0x00000006c0000000,0x00000006c16cb110,0x00000006c7680000)
 Metaspace       used 27178K, capacity 28346K, committed 28544K, reserved 1073152K
  class space    used 3688K, capacity 3938K, committed 3968K, reserved 1048576K
Event: 10.979 GC heap after
Heap after GC invocations=7 (full 1):
 PSYoungGen      total 180224K, used 14741K [0x000000076ab00000, 0x0000000777100000, 0x00000007c0000000)
  eden space 162304K, 0% used [0x000000076ab00000,0x000000076ab00000,0x0000000774980000)
  from space 17920K, 82% used [0x0000000775b00000,0x0000000776965490,0x0000000776c80000)
  to   space 17920K, 0% used [0x0000000774980000,0x0000000774980000,0x0000000775b00000)
 ParOldGen       total 121344K, used 23348K [0x00000006c0000000, 0x00000006c7680000, 0x000000076ab00000)
  object space 121344K, 19% used [0x00000006c0000000,0x00000006c16cd110,0x00000006c7680000)
 Metaspace       used 27178K, capacity 28346K, committed 28544K, reserved 1073152K
  class space    used 3688K, capacity 3938K, committed 3968K, reserved 1048576K
}
Event: 11.335 GC heap before
{Heap before GC invocations=8 (full 1):
 PSYoungGen      total 180224K, used 177045K [0x000000076ab00000, 0x0000000777100000, 0x00000007c0000000)
  eden space 162304K, 100% used [0x000000076ab00000,0x0000000774980000,0x0000000774980000)
  from space 17920K, 82% used [0x0000000775b00000,0x0000000776965490,0x0000000776c80000)
  to   space 17920K, 0% used [0x0000000774980000,0x0000000774980000,0x0000000775b00000)
 ParOldGen       total 121344K, used 23348K [0x00000006c0000000, 0x00000006c7680000, 0x000000076ab00000)
  object space 121344K, 19% used [0x00000006c0000000,0x00000006c16cd110,0x00000006c7680000)
 Metaspace       used 27178K, capacity 28346K, committed 28544K, reserved 1073152K
  class space    used 3688K, capacity 3938K, committed 3968K, reserved 1048576K
Event: 11.362 GC heap after
Heap after GC invocations=8 (full 1):
 PSYoungGen      total 180224K, used 17899K [0x000000076ab00000, 0x000000077f800000, 0x00000007c0000000)
  eden space 162304K, 0% used [0x000000076ab00000,0x000000076ab00000,0x0000000774980000)
  from space 17920K, 99% used [0x0000000774980000,0x0000000775afad10,0x0000000775b00000)
  to   space 22016K, 0% used [0x000000077e280000,0x000000077e280000,0x000000077f800000)
 ParOldGen       total 121344K, used 29308K [0x00000006c0000000, 0x00000006c7680000, 0x000000076ab00000)
  object space 121344K, 24% used [0x00000006c0000000,0x00000006c1c9f110,0x00000006c7680000)
 Metaspace       used 27178K, capacity 28346K, committed 28544K, reserved 1073152K
  class space    used 3688K, capacity 3938K, committed 3968K, reserved 1048576K
}

