# JRE version: Java(TM) SE Runtime Environment (8.0_112-b16) (build 1.8.0_112-b16)
# Java VM: Java HotSpot(TM) 64-Bit Server VM (25.112-b16 mixed mode bsd-amd64 compressed oops)
Heap:
 PSYoungGen      total 160768K, used 88085K [0x000000076ab00000, 0x000000077c980000, 0x00000007c0000000)
  eden space 142848K, 49% used [0x000000076ab00000,0x000000076ef867f0,0x0000000773680000)
  from space 17920K, 99% used [0x0000000773680000,0x00000007747fecd0,0x0000000774800000)
  to   space 22016K, 0% used [0x000000077b400000,0x000000077b400000,0x000000077c980000)
 ParOldGen       total 124416K, used 28040K [0x00000006c0000000, 0x00000006c7980000, 0x000000076ab00000)
  object space 124416K, 22% used [0x00000006c0000000,0x00000006c1b62060,0x00000006c7980000)
 Metaspace       used 27706K, capacity 28890K, committed 29184K, reserved 1075200K
  class space    used 3795K, capacity 4034K, committed 4096K, reserved 1048576K
GC Heap History (10 events):
Event: 6.633 GC heap before
{Heap before GC invocations=4 (full 1):
 PSYoungGen      total 76288K, used 65536K [0x000000076ab00000, 0x0000000770000000, 0x00000007c0000000)
  eden space 65536K, 100% used [0x000000076ab00000,0x000000076eb00000,0x000000076eb00000)
  from space 10752K, 0% used [0x000000076f580000,0x000000076f580000,0x0000000770000000)
  to   space 10752K, 0% used [0x000000076eb00000,0x000000076eb00000,0x000000076f580000)
 ParOldGen       total 124416K, used 13312K [0x00000006c0000000, 0x00000006c7980000, 0x000000076ab00000)
  object space 124416K, 10% used [0x00000006c0000000,0x00000006c0d003e8,0x00000006c7980000)
 Metaspace       used 26397K, capacity 27512K, committed 27776K, reserved 1073152K
  class space    used 3627K, capacity 3863K, committed 3968K, reserved 1048576K
Event: 6.641 GC heap after
Heap after GC invocations=4 (full 1):
 PSYoungGen      total 76288K, used 10749K [0x000000076ab00000, 0x0000000771880000, 0x00000007c0000000)
  eden space 65536K, 0% used [0x000000076ab00000,0x000000076ab00000,0x000000076eb00000)
  from space 10752K, 99% used [0x000000076eb00000,0x000000076f57f6f8,0x000000076f580000)
  to   space 10752K, 0% used [0x0000000770e00000,0x0000000770e00000,0x0000000771880000)
 ParOldGen       total 124416K, used 14417K [0x00000006c0000000, 0x00000006c7980000, 0x000000076ab00000)
  object space 124416K, 11% used [0x00000006c0000000,0x00000006c0e147e0,0x00000006c7980000)
 Metaspace       used 26397K, capacity 27512K, committed 27776K, reserved 1073152K
  class space    used 3627K, capacity 3863K, committed 3968K, reserved 1048576K
}
Event: 7.549 GC heap before
{Heap before GC invocations=5 (full 1):
 PSYoungGen      total 76288K, used 76285K [0x000000076ab00000, 0x0000000771880000, 0x00000007c0000000)
  eden space 65536K, 100% used [0x000000076ab00000,0x000000076eb00000,0x000000076eb00000)
  from space 10752K, 99% used [0x000000076eb00000,0x000000076f57f6f8,0x000000076f580000)
  to   space 10752K, 0% used [0x0000000770e00000,0x0000000770e00000,0x0000000771880000)
 ParOldGen       total 124416K, used 14417K [0x00000006c0000000, 0x00000006c7980000, 0x000000076ab00000)
  object space 124416K, 11% used [0x00000006c0000000,0x00000006c0e147e0,0x00000006c7980000)
 Metaspace       used 26511K, capacity 27620K, committed 28032K, reserved 1073152K
  class space    used 3640K, capacity 3897K, committed 3968K, reserved 1048576K
Event: 7.568 GC heap after
Heap after GC invocations=5 (full 1):
 PSYoungGen      total 101376K, used 10747K [0x000000076ab00000, 0x0000000771f80000, 0x00000007c0000000)
  eden space 90624K, 0% used [0x000000076ab00000,0x000000076ab00000,0x0000000770380000)
  from space 10752K, 99% used [0x0000000770e00000,0x000000077187ecd0,0x0000000771880000)
  to   space 10752K, 0% used [0x0000000770380000,0x0000000770380000,0x0000000770e00000)
 ParOldGen       total 124416K, used 18751K [0x00000006c0000000, 0x00000006c7980000, 0x000000076ab00000)
  object space 124416K, 15% used [0x00000006c0000000,0x00000006c124fe90,0x00000006c7980000)
 Metaspace       used 26511K, capacity 27620K, committed 28032K, reserved 1073152K
  class space    used 3640K, capacity 3897K, committed 3968K, reserved 1048576K
}
Event: 8.366 GC heap before
{Heap before GC invocations=6 (full 1):
 PSYoungGen      total 101376K, used 101371K [0x000000076ab00000, 0x0000000771f80000, 0x00000007c0000000)
  eden space 90624K, 100% used [0x000000076ab00000,0x0000000770380000,0x0000000770380000)
  from space 10752K, 99% used [0x0000000770e00000,0x000000077187ecd0,0x0000000771880000)
  to   space 10752K, 0% used [0x0000000770380000,0x0000000770380000,0x0000000770e00000)
 ParOldGen       total 124416K, used 18751K [0x00000006c0000000, 0x00000006c7980000, 0x000000076ab00000)
  object space 124416K, 15% used [0x00000006c0000000,0x00000006c124fe90,0x00000006c7980000)
 Metaspace       used 26858K, capacity 27994K, committed 28288K, reserved 1073152K
  class space    used 3657K, capacity 3906K, committed 3968K, reserved 1048576K
Event: 8.388 GC heap after
Heap after GC invocations=6 (full 1):
 PSYoungGen      total 101376K, used 10731K [0x000000076ab00000, 0x0000000775880000, 0x00000007c0000000)
  eden space 90624K, 0% used [0x000000076ab00000,0x000000076ab00000,0x0000000770380000)
  from space 10752K, 99% used [0x0000000770380000,0x0000000770dfacd0,0x0000000770e00000)
  to   space 16896K, 0% used [0x0000000774800000,0x0000000774800000,0x0000000775880000)
 ParOldGen       total 124416K, used 22304K [0x00000006c0000000, 0x00000006c7980000, 0x000000076ab00000)
  object space 124416K, 17% used [0x00000006c0000000,0x00000006c15c8060,0x00000006c7980000)
 Metaspace       used 26858K, capacity 27994K, committed 28288K, reserved 1073152K
  class space    used 3657K, capacity 3906K, committed 3968K, reserved 1048576K
}
Event: 9.135 GC heap before
{Heap before GC invocations=7 (full 1):
 PSYoungGen      total 101376K, used 101355K [0x000000076ab00000, 0x0000000775880000, 0x00000007c0000000)
  eden space 90624K, 100% used [0x000000076ab00000,0x0000000770380000,0x0000000770380000)
  from space 10752K, 99% used [0x0000000770380000,0x0000000770dfacd0,0x0000000770e00000)
  to   space 16896K, 0% used [0x0000000774800000,0x0000000774800000,0x0000000775880000)
 ParOldGen       total 124416K, used 22304K [0x00000006c0000000, 0x00000006c7980000, 0x000000076ab00000)
  object space 124416K, 17% used [0x00000006c0000000,0x00000006c15c8060,0x00000006c7980000)
 Metaspace       used 27599K, capacity 28698K, committed 28928K, reserved 1075200K
  class space    used 3790K, capacity 4034K, committed 4096K, reserved 1048576K
Event: 9.153 GC heap after
Heap after GC invocations=7 (full 1):
 PSYoungGen      total 159744K, used 16195K [0x000000076ab00000, 0x0000000775e00000, 0x00000007c0000000)
  eden space 142848K, 0% used [0x000000076ab00000,0x000000076ab00000,0x0000000773680000)
  from space 16896K, 95% used [0x0000000774800000,0x00000007757d0e30,0x0000000775880000)
  to   space 17920K, 0% used [0x0000000773680000,0x0000000773680000,0x0000000774800000)
 ParOldGen       total 124416K, used 22312K [0x00000006c0000000, 0x00000006c7980000, 0x000000076ab00000)
  object space 124416K, 17% used [0x00000006c0000000,0x00000006c15ca060,0x00000006c7980000)
 Metaspace       used 27599K, capacity 28698K, committed 28928K, reserved 1075200K
  class space    used 3790K, capacity 4034K, committed 4096K, reserved 1048576K
}
Event: 9.564 GC heap before
{Heap before GC invocations=8 (full 1):
 PSYoungGen      total 159744K, used 159043K [0x000000076ab00000, 0x0000000775e00000, 0x00000007c0000000)
  eden space 142848K, 100% used [0x000000076ab00000,0x0000000773680000,0x0000000773680000)
  from space 16896K, 95% used [0x0000000774800000,0x00000007757d0e30,0x0000000775880000)
  to   space 17920K, 0% used [0x0000000773680000,0x0000000773680000,0x0000000774800000)
 ParOldGen       total 124416K, used 22312K [0x00000006c0000000, 0x00000006c7980000, 0x000000076ab00000)
  object space 124416K, 17% used [0x00000006c0000000,0x00000006c15ca060,0x00000006c7980000)
 Metaspace       used 27601K, capacity 28698K, committed 28928K, reserved 1075200K
  class space    used 3791K, capacity 4034K, committed 4096K, reserved 1048576K
Event: 9.594 GC heap after
Heap after GC invocations=8 (full 1):
 PSYoungGen      total 160768K, used 17915K [0x000000076ab00000, 0x000000077c980000, 0x00000007c0000000)
  eden space 142848K, 0% used [0x000000076ab00000,0x000000076ab00000,0x0000000773680000)
  from space 17920K, 99% used [0x0000000773680000,0x00000007747fecd0,0x0000000774800000)
  to   space 22016K, 0% used [0x000000077b400000,0x000000077b400000,0x000000077c980000)
 ParOldGen       total 124416K, used 28040K [0x00000006c0000000, 0x00000006c7980000, 0x000000076ab00000)
  object space 124416K, 22% used [0x00000006c0000000,0x00000006c1b62060,0x00000006c7980000)
 Metaspace       used 27601K, capacity 28698K, committed 28928K, reserved 1075200K
  class space    used 3791K, capacity 4034K, committed 4096K, reserved 1048576K
}

