# JRE version: Java(TM) SE Runtime Environment (8.0_112-b16) (build 1.8.0_112-b16)
# Java VM: Java HotSpot(TM) 64-Bit Server VM (25.112-b16 mixed mode bsd-amd64 compressed oops)
Heap:
 PSYoungGen      total 152064K, used 141250K [0x000000076ab00000, 0x000000077af00000, 0x00000007c0000000)
  eden space 135680K, 92% used [0x000000076ab00000,0x00000007724f1cb8,0x0000000772f80000)
  from space 16384K, 99% used [0x0000000772f80000,0x0000000773f7ed30,0x0000000773f80000)
  to   space 19968K, 0% used [0x0000000779b80000,0x0000000779b80000,0x000000077af00000)
 ParOldGen       total 130048K, used 26722K [0x00000006c0000000, 0x00000006c7f00000, 0x000000076ab00000)
  object space 130048K, 20% used [0x00000006c0000000,0x00000006c1a18958,0x00000006c7f00000)
 Metaspace       used 27366K, capacity 28570K, committed 28848K, reserved 1075200K
  class space    used 3712K, capacity 3970K, committed 4016K, reserved 1048576K
GC Heap History (10 events):
Event: 6.716 GC heap before
{Heap before GC invocations=4 (full 1):
 PSYoungGen      total 76288K, used 65536K [0x000000076ab00000, 0x0000000770000000, 0x00000007c0000000)
  eden space 65536K, 100% used [0x000000076ab00000,0x000000076eb00000,0x000000076eb00000)
  from space 10752K, 0% used [0x000000076f580000,0x000000076f580000,0x0000000770000000)
  to   space 10752K, 0% used [0x000000076eb00000,0x000000076eb00000,0x000000076f580000)
 ParOldGen       total 130048K, used 13259K [0x00000006c0000000, 0x00000006c7f00000, 0x000000076ab00000)
  object space 130048K, 10% used [0x00000006c0000000,0x00000006c0cf2d80,0x00000006c7f00000)
 Metaspace       used 26401K, capacity 27576K, committed 27952K, reserved 1073152K
  class space    used 3625K, capacity 3863K, committed 3888K, reserved 1048576K
Event: 6.729 GC heap after
Heap after GC invocations=4 (full 1):
 PSYoungGen      total 76288K, used 10746K [0x000000076ab00000, 0x0000000771780000, 0x00000007c0000000)
  eden space 65536K, 0% used [0x000000076ab00000,0x000000076ab00000,0x000000076eb00000)
  from space 10752K, 99% used [0x000000076eb00000,0x000000076f57e9f0,0x000000076f580000)
  to   space 10752K, 0% used [0x0000000770d00000,0x0000000770d00000,0x0000000771780000)
 ParOldGen       total 130048K, used 14504K [0x00000006c0000000, 0x00000006c7f00000, 0x000000076ab00000)
  object space 130048K, 11% used [0x00000006c0000000,0x00000006c0e2a138,0x00000006c7f00000)
 Metaspace       used 26401K, capacity 27576K, committed 27952K, reserved 1073152K
  class space    used 3625K, capacity 3863K, committed 3888K, reserved 1048576K
}
Event: 7.731 GC heap before
{Heap before GC invocations=5 (full 1):
 PSYoungGen      total 76288K, used 76282K [0x000000076ab00000, 0x0000000771780000, 0x00000007c0000000)
  eden space 65536K, 100% used [0x000000076ab00000,0x000000076eb00000,0x000000076eb00000)
  from space 10752K, 99% used [0x000000076eb00000,0x000000076f57e9f0,0x000000076f580000)
  to   space 10752K, 0% used [0x0000000770d00000,0x0000000770d00000,0x0000000771780000)
 ParOldGen       total 130048K, used 14504K [0x00000006c0000000, 0x00000006c7f00000, 0x000000076ab00000)
  object space 130048K, 11% used [0x00000006c0000000,0x00000006c0e2a138,0x00000006c7f00000)
 Metaspace       used 26517K, capacity 27684K, committed 28080K, reserved 1073152K
  class space    used 3641K, capacity 3897K, committed 4016K, reserved 1048576K
Event: 7.748 GC heap after
Heap after GC invocations=5 (full 1):
 PSYoungGen      total 100352K, used 10747K [0x000000076ab00000, 0x0000000771d00000, 0x00000007c0000000)
  eden space 89600K, 0% used [0x000000076ab00000,0x000000076ab00000,0x0000000770280000)
  from space 10752K, 99% used [0x0000000770d00000,0x000000077177ecb0,0x0000000771780000)
  to   space 10752K, 0% used [0x0000000770280000,0x0000000770280000,0x0000000770d00000)
 ParOldGen       total 130048K, used 18730K [0x00000006c0000000, 0x00000006c7f00000, 0x000000076ab00000)
  object space 130048K, 14% used [0x00000006c0000000,0x00000006c124ab40,0x00000006c7f00000)
 Metaspace       used 26517K, capacity 27684K, committed 28080K, reserved 1073152K
  class space    used 3641K, capacity 3897K, committed 4016K, reserved 1048576K
}
Event: 8.558 GC heap before
{Heap before GC invocations=6 (full 1):
 PSYoungGen      total 100352K, used 100347K [0x000000076ab00000, 0x0000000771d00000, 0x00000007c0000000)
  eden space 89600K, 100% used [0x000000076ab00000,0x0000000770280000,0x0000000770280000)
  from space 10752K, 99% used [0x0000000770d00000,0x000000077177ecb0,0x0000000771780000)
  to   space 10752K, 0% used [0x0000000770280000,0x0000000770280000,0x0000000770d00000)
 ParOldGen       total 130048K, used 18730K [0x00000006c0000000, 0x00000006c7f00000, 0x000000076ab00000)
  object space 130048K, 14% used [0x00000006c0000000,0x00000006c124ab40,0x00000006c7f00000)
 Metaspace       used 26858K, capacity 28058K, committed 28336K, reserved 1073152K
  class space    used 3657K, capacity 3906K, committed 4016K, reserved 1048576K
Event: 8.575 GC heap after
Heap after GC invocations=6 (full 1):
 PSYoungGen      total 100352K, used 10747K [0x000000076ab00000, 0x0000000775000000, 0x00000007c0000000)
  eden space 89600K, 0% used [0x000000076ab00000,0x000000076ab00000,0x0000000770280000)
  from space 10752K, 99% used [0x0000000770280000,0x0000000770cfecc0,0x0000000770d00000)
  to   space 16896K, 0% used [0x0000000773f80000,0x0000000773f80000,0x0000000775000000)
 ParOldGen       total 130048K, used 22210K [0x00000006c0000000, 0x00000006c7f00000, 0x000000076ab00000)
  object space 130048K, 17% used [0x00000006c0000000,0x00000006c15b0958,0x00000006c7f00000)
 Metaspace       used 26858K, capacity 28058K, committed 28336K, reserved 1073152K
  class space    used 3657K, capacity 3906K, committed 4016K, reserved 1048576K
}
Event: 9.263 GC heap before
{Heap before GC invocations=7 (full 1):
 PSYoungGen      total 100352K, used 100347K [0x000000076ab00000, 0x0000000775000000, 0x00000007c0000000)
  eden space 89600K, 100% used [0x000000076ab00000,0x0000000770280000,0x0000000770280000)
  from space 10752K, 99% used [0x0000000770280000,0x0000000770cfecc0,0x0000000770d00000)
  to   space 16896K, 0% used [0x0000000773f80000,0x0000000773f80000,0x0000000775000000)
 ParOldGen       total 130048K, used 22210K [0x00000006c0000000, 0x00000006c7f00000, 0x000000076ab00000)
  object space 130048K, 17% used [0x00000006c0000000,0x00000006c15b0958,0x00000006c7f00000)
 Metaspace       used 27157K, capacity 28346K, committed 28592K, reserved 1073152K
  class space    used 3689K, capacity 3938K, committed 4016K, reserved 1048576K
Event: 9.279 GC heap after
Heap after GC invocations=7 (full 1):
 PSYoungGen      total 152576K, used 13428K [0x000000076ab00000, 0x0000000775380000, 0x00000007c0000000)
  eden space 135680K, 0% used [0x000000076ab00000,0x000000076ab00000,0x0000000772f80000)
  from space 16896K, 79% used [0x0000000773f80000,0x0000000774c9d368,0x0000000775000000)
  to   space 16384K, 0% used [0x0000000772f80000,0x0000000772f80000,0x0000000773f80000)
 ParOldGen       total 130048K, used 22218K [0x00000006c0000000, 0x00000006c7f00000, 0x000000076ab00000)
  object space 130048K, 17% used [0x00000006c0000000,0x00000006c15b2958,0x00000006c7f00000)
 Metaspace       used 27157K, capacity 28346K, committed 28592K, reserved 1073152K
  class space    used 3689K, capacity 3938K, committed 4016K, reserved 1048576K
}
Event: 9.679 GC heap before
{Heap before GC invocations=8 (full 1):
 PSYoungGen      total 152576K, used 149108K [0x000000076ab00000, 0x0000000775380000, 0x00000007c0000000)
  eden space 135680K, 100% used [0x000000076ab00000,0x0000000772f80000,0x0000000772f80000)
  from space 16896K, 79% used [0x0000000773f80000,0x0000000774c9d368,0x0000000775000000)
  to   space 16384K, 0% used [0x0000000772f80000,0x0000000772f80000,0x0000000773f80000)
 ParOldGen       total 130048K, used 22218K [0x00000006c0000000, 0x00000006c7f00000, 0x000000076ab00000)
  object space 130048K, 17% used [0x00000006c0000000,0x00000006c15b2958,0x00000006c7f00000)
 Metaspace       used 27167K, capacity 28346K, committed 28592K, reserved 1073152K
  class space    used 3689K, capacity 3938K, committed 4016K, reserved 1048576K
Event: 9.699 GC heap after
Heap after GC invocations=8 (full 1):
 PSYoungGen      total 152064K, used 16379K [0x000000076ab00000, 0x000000077af00000, 0x00000007c0000000)
  eden space 135680K, 0% used [0x000000076ab00000,0x000000076ab00000,0x0000000772f80000)
  from space 16384K, 99% used [0x0000000772f80000,0x0000000773f7ed30,0x0000000773f80000)
  to   space 19968K, 0% used [0x0000000779b80000,0x0000000779b80000,0x000000077af00000)
 ParOldGen       total 130048K, used 26722K [0x00000006c0000000, 0x00000006c7f00000, 0x000000076ab00000)
  object space 130048K, 20% used [0x00000006c0000000,0x00000006c1a18958,0x00000006c7f00000)
 Metaspace       used 27167K, capacity 28346K, committed 28592K, reserved 1073152K
  class space    used 3689K, capacity 3938K, committed 4016K, reserved 1048576K
}

